2024-12-12 22:36:42 [INFO] Question: how many rows are there?

2024-12-12 22:36:42 [INFO] Running PandasAI with local LLM...
2024-12-12 22:36:42 [INFO] Prompt ID: 36893a9d-912e-4706-a37c-3b0c92d967be
2024-12-12 22:36:42 [INFO] Executing Pipeline: GenerateChatPipeline
2024-12-12 22:36:42 [INFO] Executing Step 0: ValidatePipelineInput
2024-12-12 22:36:42 [INFO] Executing Step 1: CacheLookup
2024-12-12 22:36:42 [INFO] Executing Step 2: PromptGeneration
2024-12-12 22:36:42 [INFO] Using prompt: <dataframe>
dfs[0]:20x12
eas,0695-34 6555,?kergatan 24,Unnamed: 3,Boras,Unnamed: 5,S-844 67,Sweden,EMEA,Larsson,Maria,Small
"Saveley & Henriot, Co.",(93) 203 4555,Rue Joseph-Bens 532,Suite 750,San Diego,NY,50553,USA,EMEA,Hernandez,Annette,Small
CAF Imports,61.77.6555,"Merchants House, 27-30 Merchant's Quay",Suite 750,Lyon,CA,8022,Italy,,Yoshido,Catherine,Medium
Quebec Home Shopping Network,6175559555,Garden House Crowther Way,,NYC,,31000,Denmark,EMEA,Accorti,Wing C,Medium
</dataframe>




Update this initial code:
```python
# TODO: import the required dependencies
import pandas as pd

# Write code here

# Declare result var: 
type (possible values "string", "number", "dataframe", "plot"). Examples: { "type": "string", "value": f"The highest salary is {highest_salary}." } or { "type": "number", "value": 125 } or { "type": "dataframe", "value": pd.DataFrame({...}) } or { "type": "plot", "value": "temp_chart.png" }

```



### QUERY
 how many rows are there?


Variable `dfs: list[pd.DataFrame]` is already declared.

At the end, declare "result" variable as a dictionary of type and value.

If you are asked to plot a chart, use "matplotlib" for charts, save as png.


Generate python code and return full updated code:
2024-12-12 22:36:42 [INFO] Executing Step 3: CodeGenerator
2024-12-12 22:37:56 [INFO] HTTP Request: POST http://localhost:11434/v1/chat/completions "HTTP/1.1 200 OK"
2024-12-12 22:37:56 [INFO] Prompt used:
            <dataframe>
dfs[0]:20x12
eas,0695-34 6555,?kergatan 24,Unnamed: 3,Boras,Unnamed: 5,S-844 67,Sweden,EMEA,Larsson,Maria,Small
"Saveley & Henriot, Co.",(93) 203 4555,Rue Joseph-Bens 532,Suite 750,San Diego,NY,50553,USA,EMEA,Hernandez,Annette,Small
CAF Imports,61.77.6555,"Merchants House, 27-30 Merchant's Quay",Suite 750,Lyon,CA,8022,Italy,,Yoshido,Catherine,Medium
Quebec Home Shopping Network,6175559555,Garden House Crowther Way,,NYC,,31000,Denmark,EMEA,Accorti,Wing C,Medium
</dataframe>




Update this initial code:
```python
# TODO: import the required dependencies
import pandas as pd

# Write code here

# Declare result var: 
type (possible values "string", "number", "dataframe", "plot"). Examples: { "type": "string", "value": f"The highest salary is {highest_salary}." } or { "type": "number", "value": 125 } or { "type": "dataframe", "value": pd.DataFrame({...}) } or { "type": "plot", "value": "temp_chart.png" }

```



### QUERY
 how many rows are there?


Variable `dfs: list[pd.DataFrame]` is already declared.

At the end, declare "result" variable as a dictionary of type and value.

If you are asked to plot a chart, use "matplotlib" for charts, save as png.


Generate python code and return full updated code:
            
2024-12-12 22:37:56 [INFO] Code generated:
            ```
            # TODO: import the required dependencies
import pandas as pd
import matplotlib.pyplot as plt

# Load data
dfs = [...]  # your dataframe(s) here

# Get the number of rows in the first dataframe (assuming it's a list)
num_rows = len(dfs[0].index)

# Declare result var:
result = {"type": "number", "value": num_rows}

print(result)
            ```
            
2024-12-12 22:37:56 [INFO] Executing Step 4: CachePopulation
2024-12-12 22:37:56 [INFO] Executing Step 5: CodeCleaning
2024-12-12 22:37:56 [INFO] 
Code running:
```
num_rows = len(dfs[0].index)
result = {'type': 'number', 'value': num_rows}
print(result)
        ```
2024-12-12 22:37:56 [INFO] Executing Step 6: CodeExecution
2024-12-12 22:37:56 [INFO] Executing Step 7: ResultValidation
2024-12-12 22:37:56 [INFO] Answer: {'type': 'number', 'value': 20}
2024-12-12 22:37:56 [INFO] Executing Step 8: ResultParsing
2024-12-12 22:38:44 [INFO] Question: how many columns are there?

2024-12-12 22:38:44 [INFO] Running PandasAI with local LLM...
2024-12-12 22:38:44 [INFO] Prompt ID: 9e1fd7db-6976-47ba-801b-6d28552176be
2024-12-12 22:38:44 [INFO] Executing Pipeline: GenerateChatPipeline
2024-12-12 22:38:44 [INFO] Executing Step 0: ValidatePipelineInput
2024-12-12 22:38:44 [INFO] Executing Step 1: CacheLookup
2024-12-12 22:38:44 [INFO] Executing Step 2: PromptGeneration
2024-12-12 22:38:44 [INFO] Using prompt: <dataframe>
dfs[0]:20x12
eas,0695-34 6555,?kergatan 24,Unnamed: 3,Boras,Unnamed: 5,S-844 67,Sweden,EMEA,Larsson,Maria,Small
Petit Auto,78.32.5555,43 rue St. Laurent,Suite 750,Tsawassen,,10100,Canada,EMEA,Freyre,Jean,Medium
Alpha Cognac,(02) 5554 67,Garden House Crowther Way,Suite 750,Madrid,CA,90110,Italy,EMEA,Bennett,Jesus,Medium
"Oulu Toy Supplies, Inc.",(604) 555-4555,1 rue Alsace-Lorraine,,Lyon,NY,91217,Belgium,,Fernandez,Elizabeth,Small
</dataframe>




Update this initial code:
```python
# TODO: import the required dependencies
import pandas as pd

# Write code here

# Declare result var: 
type (possible values "string", "number", "dataframe", "plot"). Examples: { "type": "string", "value": f"The highest salary is {highest_salary}." } or { "type": "number", "value": 125 } or { "type": "dataframe", "value": pd.DataFrame({...}) } or { "type": "plot", "value": "temp_chart.png" }

```



### QUERY
 how many columns are there?


Variable `dfs: list[pd.DataFrame]` is already declared.

At the end, declare "result" variable as a dictionary of type and value.

If you are asked to plot a chart, use "matplotlib" for charts, save as png.


Generate python code and return full updated code:
2024-12-12 22:38:44 [INFO] Executing Step 3: CodeGenerator
2024-12-12 22:39:26 [INFO] HTTP Request: POST http://localhost:11434/v1/chat/completions "HTTP/1.1 200 OK"
2024-12-12 22:39:26 [INFO] Prompt used:
            <dataframe>
dfs[0]:20x12
eas,0695-34 6555,?kergatan 24,Unnamed: 3,Boras,Unnamed: 5,S-844 67,Sweden,EMEA,Larsson,Maria,Small
Petit Auto,78.32.5555,43 rue St. Laurent,Suite 750,Tsawassen,,10100,Canada,EMEA,Freyre,Jean,Medium
Alpha Cognac,(02) 5554 67,Garden House Crowther Way,Suite 750,Madrid,CA,90110,Italy,EMEA,Bennett,Jesus,Medium
"Oulu Toy Supplies, Inc.",(604) 555-4555,1 rue Alsace-Lorraine,,Lyon,NY,91217,Belgium,,Fernandez,Elizabeth,Small
</dataframe>




Update this initial code:
```python
# TODO: import the required dependencies
import pandas as pd

# Write code here

# Declare result var: 
type (possible values "string", "number", "dataframe", "plot"). Examples: { "type": "string", "value": f"The highest salary is {highest_salary}." } or { "type": "number", "value": 125 } or { "type": "dataframe", "value": pd.DataFrame({...}) } or { "type": "plot", "value": "temp_chart.png" }

```



### QUERY
 how many columns are there?


Variable `dfs: list[pd.DataFrame]` is already declared.

At the end, declare "result" variable as a dictionary of type and value.

If you are asked to plot a chart, use "matplotlib" for charts, save as png.


Generate python code and return full updated code:
            
2024-12-12 22:39:26 [INFO] Code generated:
            ```
            import pandas as pd
import matplotlib.pyplot as plt

# Your dataframes (assuming dfs is a list of DataFrames)
dfs = [...]  # your code to load/prepare the dataframes here

# Get the number of columns in the first dataframe
num_cols = len(dfs[0].columns)

# Declare result var:
result = {"type": "string", "value": f"There are {num_cols} columns."}

print(result)
            ```
            
2024-12-12 22:39:26 [INFO] Executing Step 4: CachePopulation
2024-12-12 22:39:26 [INFO] Executing Step 5: CodeCleaning
2024-12-12 22:39:26 [INFO] 
Code running:
```
num_cols = len(dfs[0].columns)
result = {'type': 'string', 'value': f'There are {num_cols} columns.'}
print(result)
        ```
2024-12-12 22:39:26 [INFO] Executing Step 6: CodeExecution
2024-12-12 22:39:26 [INFO] Executing Step 7: ResultValidation
2024-12-12 22:39:26 [INFO] Answer: {'type': 'string', 'value': 'There are 12 columns.'}
2024-12-12 22:39:26 [INFO] Executing Step 8: ResultParsing
2024-12-12 22:41:09 [INFO] Question: how many orders are there with motorcycles?

2024-12-12 22:41:09 [INFO] Running PandasAI with local LLM...
2024-12-12 22:41:09 [INFO] Prompt ID: 3dc87184-62b5-4e6d-a514-506d90c1b685
2024-12-12 22:41:09 [INFO] Executing Pipeline: GenerateChatPipeline
2024-12-12 22:41:09 [INFO] Executing Step 0: ValidatePipelineInput
2024-12-12 22:41:09 [INFO] Executing Step 1: CacheLookup
2024-12-12 22:41:09 [INFO] Executing Step 2: PromptGeneration
2024-12-12 22:41:09 [INFO] Using prompt: <dataframe>
dfs[0]:20x12
eas,0695-34 6555,?kergatan 24,Unnamed: 3,Boras,Unnamed: 5,S-844 67,Sweden,EMEA,Larsson,Maria,Small
Danish Wholesale Imports,5161207946,"C/ Moralzarzal, 86",Suite 750,Kobenhavn,CA,90110,USA,EMEA,Yu,Wing C,Medium
Mini Creations Ltd.,7803948378,Via Monte Bianco 34,Suite 750,Manchester,,EC2 5NT,Finland,,Freyre,Paolo,Small
Gifts4AllAges.com,1634133906,Torikatu 38,,Lyon,Isle of Wight,8022,Italy,EMEA,Lincoln,Kwai,Small
</dataframe>




Update this initial code:
```python
# TODO: import the required dependencies
import pandas as pd

# Write code here

# Declare result var: 
type (possible values "string", "number", "dataframe", "plot"). Examples: { "type": "string", "value": f"The highest salary is {highest_salary}." } or { "type": "number", "value": 125 } or { "type": "dataframe", "value": pd.DataFrame({...}) } or { "type": "plot", "value": "temp_chart.png" }

```



### QUERY
 how many orders are there with motorcycles?


Variable `dfs: list[pd.DataFrame]` is already declared.

At the end, declare "result" variable as a dictionary of type and value.

If you are asked to plot a chart, use "matplotlib" for charts, save as png.


Generate python code and return full updated code:
2024-12-12 22:41:09 [INFO] Executing Step 3: CodeGenerator
2024-12-12 22:41:50 [INFO] HTTP Request: POST http://localhost:11434/v1/chat/completions "HTTP/1.1 200 OK"
2024-12-12 22:41:50 [INFO] Prompt used:
            <dataframe>
dfs[0]:20x12
eas,0695-34 6555,?kergatan 24,Unnamed: 3,Boras,Unnamed: 5,S-844 67,Sweden,EMEA,Larsson,Maria,Small
Danish Wholesale Imports,5161207946,"C/ Moralzarzal, 86",Suite 750,Kobenhavn,CA,90110,USA,EMEA,Yu,Wing C,Medium
Mini Creations Ltd.,7803948378,Via Monte Bianco 34,Suite 750,Manchester,,EC2 5NT,Finland,,Freyre,Paolo,Small
Gifts4AllAges.com,1634133906,Torikatu 38,,Lyon,Isle of Wight,8022,Italy,EMEA,Lincoln,Kwai,Small
</dataframe>




Update this initial code:
```python
# TODO: import the required dependencies
import pandas as pd

# Write code here

# Declare result var: 
type (possible values "string", "number", "dataframe", "plot"). Examples: { "type": "string", "value": f"The highest salary is {highest_salary}." } or { "type": "number", "value": 125 } or { "type": "dataframe", "value": pd.DataFrame({...}) } or { "type": "plot", "value": "temp_chart.png" }

```



### QUERY
 how many orders are there with motorcycles?


Variable `dfs: list[pd.DataFrame]` is already declared.

At the end, declare "result" variable as a dictionary of type and value.

If you are asked to plot a chart, use "matplotlib" for charts, save as png.


Generate python code and return full updated code:
            
2024-12-12 22:41:50 [INFO] Code generated:
            ```
            # TODO: import the required dependencies
import pandas as pd

# Initialize result variable
result = {}

def process_dfs():
    # Assume there is only one DataFrame in dfs
    df = dfs[0]
    
    motorcycle_orders_count = (df['Unnamed: 5'] == 'Motorcycles').sum()
    
    result = {"type": "string", "value": f"There are {motorcycle_orders_count} orders with motorcycles."}

process_dfs()

print(result)
            ```
            
2024-12-12 22:41:50 [INFO] Executing Step 4: CachePopulation
2024-12-12 22:41:50 [INFO] Executing Step 5: CodeCleaning
2024-12-12 22:41:50 [INFO] 
Code running:
```
result = {}


def process_dfs():
    df = dfs[0]
    motorcycle_orders_count = (df['Unnamed: 5'] == 'Motorcycles').sum()
    result = {'type': 'string', 'value': f'There are {motorcycle_orders_count} orders with motorcycles.'}


process_dfs()
print(result)
        ```
2024-12-12 22:41:50 [INFO] Executing Step 6: CodeExecution
2024-12-12 22:41:50 [ERROR] Failed with error: Traceback (most recent call last):
  File "C:\Users\prasa\Downloads\assignproject\env\Lib\site-packages\pandasai\pipelines\chat\code_execution.py", line 96, in execute
    if not OutputValidator.validate_result(result):
           ^^^^^^^^^^^^^^^^^^^^^^^^^^^^^^^^^^^^^^^
  File "C:\Users\prasa\Downloads\assignproject\env\Lib\site-packages\pandasai\helpers\output_validator.py", line 73, in validate_result
    raise InvalidOutputValueMismatch(
pandasai.exceptions.InvalidOutputValueMismatch: Result must be in the format of dictionary of type and value

2024-12-12 22:41:50 [WARNING] Failed to execute code retrying with a correction framework [retry number: 1]
2024-12-12 22:41:50 [INFO] Executing Pipeline: ErrorCorrectionPipeline
2024-12-12 22:41:50 [INFO] Executing Step 0: ErrorPromptGeneration
2024-12-12 22:41:50 [INFO] Using prompt: <dataframe>
dfs[0]:20x12
eas,0695-34 6555,?kergatan 24,Unnamed: 3,Boras,Unnamed: 5,S-844 67,Sweden,EMEA,Larsson,Maria,Small
Danish Wholesale Imports,5161207946,"C/ Moralzarzal, 86",Suite 750,Kobenhavn,CA,90110,USA,EMEA,Yu,Wing C,Medium
Mini Creations Ltd.,7803948378,Via Monte Bianco 34,Suite 750,Manchester,,EC2 5NT,Finland,,Freyre,Paolo,Small
Gifts4AllAges.com,1634133906,Torikatu 38,,Lyon,Isle of Wight,8022,Italy,EMEA,Lincoln,Kwai,Small
</dataframe>


The user asked the following question:
### QUERY
 how many orders are there with motorcycles?


You generated this python code:
result = {}


def process_dfs():
    df = dfs[0]
    motorcycle_orders_count = (df['Unnamed: 5'] == 'Motorcycles').sum()
    result = {'type': 'string', 'value': f'There are {motorcycle_orders_count} orders with motorcycles.'}


process_dfs()
print(result)

It fails with the following error:
Traceback (most recent call last):
  File "C:\Users\prasa\Downloads\assignproject\env\Lib\site-packages\pandasai\pipelines\chat\code_execution.py", line 96, in execute
    if not OutputValidator.validate_result(result):
           ^^^^^^^^^^^^^^^^^^^^^^^^^^^^^^^^^^^^^^^
  File "C:\Users\prasa\Downloads\assignproject\env\Lib\site-packages\pandasai\helpers\output_validator.py", line 73, in validate_result
    raise InvalidOutputValueMismatch(
pandasai.exceptions.InvalidOutputValueMismatch: Result must be in the format of dictionary of type and value


Fix the python code above and return the new python code:
2024-12-12 22:41:50 [INFO] Executing Step 1: CodeGenerator
2024-12-12 22:42:22 [INFO] HTTP Request: POST http://localhost:11434/v1/chat/completions "HTTP/1.1 200 OK"
2024-12-12 22:42:22 [INFO] Prompt used:
            <dataframe>
dfs[0]:20x12
eas,0695-34 6555,?kergatan 24,Unnamed: 3,Boras,Unnamed: 5,S-844 67,Sweden,EMEA,Larsson,Maria,Small
Danish Wholesale Imports,5161207946,"C/ Moralzarzal, 86",Suite 750,Kobenhavn,CA,90110,USA,EMEA,Yu,Wing C,Medium
Mini Creations Ltd.,7803948378,Via Monte Bianco 34,Suite 750,Manchester,,EC2 5NT,Finland,,Freyre,Paolo,Small
Gifts4AllAges.com,1634133906,Torikatu 38,,Lyon,Isle of Wight,8022,Italy,EMEA,Lincoln,Kwai,Small
</dataframe>


The user asked the following question:
### QUERY
 how many orders are there with motorcycles?


You generated this python code:
result = {}


def process_dfs():
    df = dfs[0]
    motorcycle_orders_count = (df['Unnamed: 5'] == 'Motorcycles').sum()
    result = {'type': 'string', 'value': f'There are {motorcycle_orders_count} orders with motorcycles.'}


process_dfs()
print(result)

It fails with the following error:
Traceback (most recent call last):
  File "C:\Users\prasa\Downloads\assignproject\env\Lib\site-packages\pandasai\pipelines\chat\code_execution.py", line 96, in execute
    if not OutputValidator.validate_result(result):
           ^^^^^^^^^^^^^^^^^^^^^^^^^^^^^^^^^^^^^^^
  File "C:\Users\prasa\Downloads\assignproject\env\Lib\site-packages\pandasai\helpers\output_validator.py", line 73, in validate_result
    raise InvalidOutputValueMismatch(
pandasai.exceptions.InvalidOutputValueMismatch: Result must be in the format of dictionary of type and value


Fix the python code above and return the new python code:
            
2024-12-12 22:42:22 [INFO] Code generated:
            ```
            result = {}

def process_dfs():
    df = dfs[0]
    motorcycle_orders_count = (df['Unnamed: 5'] == 'Motorcycles').sum()
    result = {'type': 'motorcycle orders', 'value': f'There are {motorcycle_orders_count} orders with motorcycles.'}


process_dfs()
print(result)
            ```
            
2024-12-12 22:42:22 [INFO] Executing Step 2: CodeCleaning
2024-12-12 22:42:22 [INFO] 
Code running:
```
result = {}


def process_dfs():
    df = dfs[0]
    motorcycle_orders_count = (df['Unnamed: 5'] == 'Motorcycles').sum()
    result = {'type': 'motorcycle orders', 'value': f'There are {motorcycle_orders_count} orders with motorcycles.'}


process_dfs()
print(result)
        ```
2024-12-12 22:42:22 [ERROR] Failed with error: Traceback (most recent call last):
  File "C:\Users\prasa\Downloads\assignproject\env\Lib\site-packages\pandasai\pipelines\chat\code_execution.py", line 96, in execute
    if not OutputValidator.validate_result(result):
           ^^^^^^^^^^^^^^^^^^^^^^^^^^^^^^^^^^^^^^^
  File "C:\Users\prasa\Downloads\assignproject\env\Lib\site-packages\pandasai\helpers\output_validator.py", line 73, in validate_result
    raise InvalidOutputValueMismatch(
pandasai.exceptions.InvalidOutputValueMismatch: Result must be in the format of dictionary of type and value

2024-12-12 22:42:22 [WARNING] Failed to execute code retrying with a correction framework [retry number: 2]
2024-12-12 22:42:22 [INFO] Executing Pipeline: ErrorCorrectionPipeline
2024-12-12 22:42:22 [INFO] Executing Step 0: ErrorPromptGeneration
2024-12-12 22:42:22 [INFO] Using prompt: <dataframe>
dfs[0]:20x12
eas,0695-34 6555,?kergatan 24,Unnamed: 3,Boras,Unnamed: 5,S-844 67,Sweden,EMEA,Larsson,Maria,Small
Danish Wholesale Imports,5161207946,"C/ Moralzarzal, 86",Suite 750,Kobenhavn,CA,90110,USA,EMEA,Yu,Wing C,Medium
Mini Creations Ltd.,7803948378,Via Monte Bianco 34,Suite 750,Manchester,,EC2 5NT,Finland,,Freyre,Paolo,Small
Gifts4AllAges.com,1634133906,Torikatu 38,,Lyon,Isle of Wight,8022,Italy,EMEA,Lincoln,Kwai,Small
</dataframe>


The user asked the following question:
### QUERY
 how many orders are there with motorcycles?


You generated this python code:
result = {}


def process_dfs():
    df = dfs[0]
    motorcycle_orders_count = (df['Unnamed: 5'] == 'Motorcycles').sum()
    result = {'type': 'motorcycle orders', 'value': f'There are {motorcycle_orders_count} orders with motorcycles.'}


process_dfs()
print(result)

It fails with the following error:
Traceback (most recent call last):
  File "C:\Users\prasa\Downloads\assignproject\env\Lib\site-packages\pandasai\pipelines\chat\code_execution.py", line 96, in execute
    if not OutputValidator.validate_result(result):
           ^^^^^^^^^^^^^^^^^^^^^^^^^^^^^^^^^^^^^^^
  File "C:\Users\prasa\Downloads\assignproject\env\Lib\site-packages\pandasai\helpers\output_validator.py", line 73, in validate_result
    raise InvalidOutputValueMismatch(
pandasai.exceptions.InvalidOutputValueMismatch: Result must be in the format of dictionary of type and value


Fix the python code above and return the new python code:
2024-12-12 22:42:22 [INFO] Executing Step 1: CodeGenerator
2024-12-12 22:43:09 [INFO] HTTP Request: POST http://localhost:11434/v1/chat/completions "HTTP/1.1 200 OK"
2024-12-12 22:43:09 [INFO] Prompt used:
            <dataframe>
dfs[0]:20x12
eas,0695-34 6555,?kergatan 24,Unnamed: 3,Boras,Unnamed: 5,S-844 67,Sweden,EMEA,Larsson,Maria,Small
Danish Wholesale Imports,5161207946,"C/ Moralzarzal, 86",Suite 750,Kobenhavn,CA,90110,USA,EMEA,Yu,Wing C,Medium
Mini Creations Ltd.,7803948378,Via Monte Bianco 34,Suite 750,Manchester,,EC2 5NT,Finland,,Freyre,Paolo,Small
Gifts4AllAges.com,1634133906,Torikatu 38,,Lyon,Isle of Wight,8022,Italy,EMEA,Lincoln,Kwai,Small
</dataframe>


The user asked the following question:
### QUERY
 how many orders are there with motorcycles?


You generated this python code:
result = {}


def process_dfs():
    df = dfs[0]
    motorcycle_orders_count = (df['Unnamed: 5'] == 'Motorcycles').sum()
    result = {'type': 'motorcycle orders', 'value': f'There are {motorcycle_orders_count} orders with motorcycles.'}


process_dfs()
print(result)

It fails with the following error:
Traceback (most recent call last):
  File "C:\Users\prasa\Downloads\assignproject\env\Lib\site-packages\pandasai\pipelines\chat\code_execution.py", line 96, in execute
    if not OutputValidator.validate_result(result):
           ^^^^^^^^^^^^^^^^^^^^^^^^^^^^^^^^^^^^^^^
  File "C:\Users\prasa\Downloads\assignproject\env\Lib\site-packages\pandasai\helpers\output_validator.py", line 73, in validate_result
    raise InvalidOutputValueMismatch(
pandasai.exceptions.InvalidOutputValueMismatch: Result must be in the format of dictionary of type and value


Fix the python code above and return the new python code:
            
2024-12-12 22:43:09 [INFO] Code generated:
            ```
            print({'type': "motorcycle orders", 'value': f'There are {motorcycle_orders_count} orders with motorcycles.'})
            ```
            
2024-12-12 22:43:09 [INFO] Executing Step 2: CodeCleaning
2024-12-12 22:43:09 [INFO] 
Code running:
```
print({'type': 'motorcycle orders', 'value': f'There are {motorcycle_orders_count} orders with motorcycles.'})
        ```
2024-12-12 22:43:09 [ERROR] Failed with error: Traceback (most recent call last):
  File "C:\Users\prasa\Downloads\assignproject\env\Lib\site-packages\pandasai\pipelines\chat\code_execution.py", line 85, in execute
    result = self.execute_code(code_to_run, code_context)
             ^^^^^^^^^^^^^^^^^^^^^^^^^^^^^^^^^^^^^^^^^^^^
  File "C:\Users\prasa\Downloads\assignproject\env\Lib\site-packages\pandasai\pipelines\chat\code_execution.py", line 171, in execute_code
    exec(code, environment)
  File "<string>", line 1, in <module>
NameError: name 'motorcycle_orders_count' is not defined

2024-12-12 22:43:09 [WARNING] Failed to execute code retrying with a correction framework [retry number: 3]
2024-12-12 22:43:09 [INFO] Executing Pipeline: ErrorCorrectionPipeline
2024-12-12 22:43:09 [INFO] Executing Step 0: ErrorPromptGeneration
2024-12-12 22:43:09 [INFO] Using prompt: <dataframe>
dfs[0]:20x12
eas,0695-34 6555,?kergatan 24,Unnamed: 3,Boras,Unnamed: 5,S-844 67,Sweden,EMEA,Larsson,Maria,Small
Danish Wholesale Imports,5161207946,"C/ Moralzarzal, 86",Suite 750,Kobenhavn,CA,90110,USA,EMEA,Yu,Wing C,Medium
Mini Creations Ltd.,7803948378,Via Monte Bianco 34,Suite 750,Manchester,,EC2 5NT,Finland,,Freyre,Paolo,Small
Gifts4AllAges.com,1634133906,Torikatu 38,,Lyon,Isle of Wight,8022,Italy,EMEA,Lincoln,Kwai,Small
</dataframe>


The user asked the following question:
### QUERY
 how many orders are there with motorcycles?


You generated this python code:
print({'type': 'motorcycle orders', 'value': f'There are {motorcycle_orders_count} orders with motorcycles.'})

It fails with the following error:
Traceback (most recent call last):
  File "C:\Users\prasa\Downloads\assignproject\env\Lib\site-packages\pandasai\pipelines\chat\code_execution.py", line 85, in execute
    result = self.execute_code(code_to_run, code_context)
             ^^^^^^^^^^^^^^^^^^^^^^^^^^^^^^^^^^^^^^^^^^^^
  File "C:\Users\prasa\Downloads\assignproject\env\Lib\site-packages\pandasai\pipelines\chat\code_execution.py", line 171, in execute_code
    exec(code, environment)
  File "<string>", line 1, in <module>
NameError: name 'motorcycle_orders_count' is not defined


Fix the python code above and return the new python code:
2024-12-12 22:43:09 [INFO] Executing Step 1: CodeGenerator
2024-12-12 22:43:51 [INFO] HTTP Request: POST http://localhost:11434/v1/chat/completions "HTTP/1.1 200 OK"
2024-12-12 22:43:51 [INFO] Prompt used:
            <dataframe>
dfs[0]:20x12
eas,0695-34 6555,?kergatan 24,Unnamed: 3,Boras,Unnamed: 5,S-844 67,Sweden,EMEA,Larsson,Maria,Small
Danish Wholesale Imports,5161207946,"C/ Moralzarzal, 86",Suite 750,Kobenhavn,CA,90110,USA,EMEA,Yu,Wing C,Medium
Mini Creations Ltd.,7803948378,Via Monte Bianco 34,Suite 750,Manchester,,EC2 5NT,Finland,,Freyre,Paolo,Small
Gifts4AllAges.com,1634133906,Torikatu 38,,Lyon,Isle of Wight,8022,Italy,EMEA,Lincoln,Kwai,Small
</dataframe>


The user asked the following question:
### QUERY
 how many orders are there with motorcycles?


You generated this python code:
print({'type': 'motorcycle orders', 'value': f'There are {motorcycle_orders_count} orders with motorcycles.'})

It fails with the following error:
Traceback (most recent call last):
  File "C:\Users\prasa\Downloads\assignproject\env\Lib\site-packages\pandasai\pipelines\chat\code_execution.py", line 85, in execute
    result = self.execute_code(code_to_run, code_context)
             ^^^^^^^^^^^^^^^^^^^^^^^^^^^^^^^^^^^^^^^^^^^^
  File "C:\Users\prasa\Downloads\assignproject\env\Lib\site-packages\pandasai\pipelines\chat\code_execution.py", line 171, in execute_code
    exec(code, environment)
  File "<string>", line 1, in <module>
NameError: name 'motorcycle_orders_count' is not defined


Fix the python code above and return the new python code:
            
2024-12-12 22:43:51 [INFO] Code generated:
            ```
            Python
import pandas as pd

# Assuming dfs is your dataframe
motorcycle_orders_count = len(dfs[dfs['Unnamed: 5'] == 'motorcycles'].index)

print({'type': 'motorcycle orders', 'value': f'There are {motorcycle_orders_count} orders with motorcycles.'})
            ```
            
2024-12-12 22:43:51 [INFO] Executing Step 2: CodeCleaning
2024-12-12 22:43:51 [INFO] 
Code running:
```
Python
motorcycle_orders_count = len(dfs[dfs['Unnamed: 5'] == 'motorcycles'].index)
print({'type': 'motorcycle orders', 'value': f'There are {motorcycle_orders_count} orders with motorcycles.'})
        ```
2024-12-12 22:43:51 [ERROR] Failed with error: Traceback (most recent call last):
  File "C:\Users\prasa\Downloads\assignproject\env\Lib\site-packages\pandasai\pipelines\chat\code_execution.py", line 85, in execute
    result = self.execute_code(code_to_run, code_context)
             ^^^^^^^^^^^^^^^^^^^^^^^^^^^^^^^^^^^^^^^^^^^^
  File "C:\Users\prasa\Downloads\assignproject\env\Lib\site-packages\pandasai\pipelines\chat\code_execution.py", line 171, in execute_code
    exec(code, environment)
  File "<string>", line 1, in <module>
NameError: name 'Python' is not defined

2024-12-12 22:43:51 [ERROR] Pipeline failed on step 6: name 'Python' is not defined
2024-12-12 22:53:26 [INFO] Question: how many orders of motorcycles have been shipped
2024-12-12 22:53:26 [INFO] Running PandasAI with local LLM...
2024-12-12 22:53:26 [INFO] Prompt ID: ae3b2070-5b11-4a2f-bee3-daac25370675
2024-12-12 22:53:26 [INFO] Executing Pipeline: GenerateChatPipeline
2024-12-12 22:53:26 [INFO] Executing Step 0: ValidatePipelineInput
2024-12-12 22:53:26 [INFO] Executing Step 1: CacheLookup
2024-12-12 22:53:26 [INFO] Executing Step 2: PromptGeneration
2024-12-12 22:53:26 [INFO] Using prompt: <dataframe>
dfs[0]:20x12
eas,0695-34 6555,?kergatan 24,Unnamed: 3,Boras,Unnamed: 5,S-844 67,Sweden,EMEA,Larsson,Maria,Small
giftsbymail.co.uk,31 12 3555,1 rue Alsace-Lorraine,Suite 750,New Bedford,NY,90110,Spain,EMEA,Yoshido,Elizabeth,Medium
Quebec Home Shopping Network,5085559555,Fauntleroy Circus,Suite 750,Tsawassen,Quebec,8022,USA,EMEA,Ashworth,Annette,Small
Alpha Cognac,61.77.6555,897 Long Airport Avenue,,Montreal,,31000,Italy,,Freyre,Victoria,Medium
</dataframe>




Update this initial code:
```python
# TODO: import the required dependencies
import pandas as pd

# Write code here

# Declare result var: 
type (possible values "string", "number", "dataframe", "plot"). Examples: { "type": "string", "value": f"The highest salary is {highest_salary}." } or { "type": "number", "value": 125 } or { "type": "dataframe", "value": pd.DataFrame({...}) } or { "type": "plot", "value": "temp_chart.png" }

```



### QUERY
 how many orders of motorcycles have been shipped

Variable `dfs: list[pd.DataFrame]` is already declared.

At the end, declare "result" variable as a dictionary of type and value.

If you are asked to plot a chart, use "matplotlib" for charts, save as png.


Generate python code and return full updated code:
2024-12-12 22:53:26 [INFO] Executing Step 3: CodeGenerator
2024-12-12 22:54:38 [INFO] HTTP Request: POST http://localhost:11434/v1/chat/completions "HTTP/1.1 200 OK"
2024-12-12 22:54:38 [INFO] Prompt used:
            <dataframe>
dfs[0]:20x12
eas,0695-34 6555,?kergatan 24,Unnamed: 3,Boras,Unnamed: 5,S-844 67,Sweden,EMEA,Larsson,Maria,Small
giftsbymail.co.uk,31 12 3555,1 rue Alsace-Lorraine,Suite 750,New Bedford,NY,90110,Spain,EMEA,Yoshido,Elizabeth,Medium
Quebec Home Shopping Network,5085559555,Fauntleroy Circus,Suite 750,Tsawassen,Quebec,8022,USA,EMEA,Ashworth,Annette,Small
Alpha Cognac,61.77.6555,897 Long Airport Avenue,,Montreal,,31000,Italy,,Freyre,Victoria,Medium
</dataframe>




Update this initial code:
```python
# TODO: import the required dependencies
import pandas as pd

# Write code here

# Declare result var: 
type (possible values "string", "number", "dataframe", "plot"). Examples: { "type": "string", "value": f"The highest salary is {highest_salary}." } or { "type": "number", "value": 125 } or { "type": "dataframe", "value": pd.DataFrame({...}) } or { "type": "plot", "value": "temp_chart.png" }

```



### QUERY
 how many orders of motorcycles have been shipped

Variable `dfs: list[pd.DataFrame]` is already declared.

At the end, declare "result" variable as a dictionary of type and value.

If you are asked to plot a chart, use "matplotlib" for charts, save as png.


Generate python code and return full updated code:
            
2024-12-12 22:54:38 [INFO] Code generated:
            ```
            import pandas as pd
import matplotlib.pyplot as plt

# Initialize result variable
result = {}

# Iterate over all dataframes in the list
for dfs in dfs:
    # Filter rows where the product type is "motorcycles"
    motorcycles_orders = dfs[dfs['Unnamed: 3'] == 'Motorcycles']
    
    # Count the number of orders for motorcycles
    total_motorcycles_orders = len(motorcycles_orders)
    
    # Update the result variable
    result = {"type": "number", "value": total_motorcycles_orders}

print(result)
            ```
            
2024-12-12 22:54:38 [INFO] Executing Step 4: CachePopulation
2024-12-12 22:54:38 [INFO] Executing Step 5: CodeCleaning
2024-12-12 22:54:38 [INFO] 
Code running:
```
result = {}
for dfs in dfs:
    motorcycles_orders = dfs[dfs['Unnamed: 3'] == 'Motorcycles']
    total_motorcycles_orders = len(motorcycles_orders)
    result = {'type': 'number', 'value': total_motorcycles_orders}
print(result)
        ```
2024-12-12 22:54:38 [INFO] Executing Step 6: CodeExecution
2024-12-12 22:54:38 [ERROR] Failed with error: Traceback (most recent call last):
  File "C:\Users\prasa\Downloads\assignproject\env\Lib\site-packages\pandasai\pipelines\chat\code_execution.py", line 85, in execute
    result = self.execute_code(code_to_run, code_context)
             ^^^^^^^^^^^^^^^^^^^^^^^^^^^^^^^^^^^^^^^^^^^^
  File "C:\Users\prasa\Downloads\assignproject\env\Lib\site-packages\pandasai\pipelines\chat\code_execution.py", line 171, in execute_code
    exec(code, environment)
  File "<string>", line 3, in <module>
TypeError: 'NoneType' object is not subscriptable

2024-12-12 22:54:38 [WARNING] Failed to execute code retrying with a correction framework [retry number: 1]
2024-12-12 22:54:38 [INFO] Executing Pipeline: ErrorCorrectionPipeline
2024-12-12 22:54:38 [INFO] Executing Step 0: ErrorPromptGeneration
2024-12-12 22:54:39 [INFO] Using prompt: <dataframe>
dfs[0]:20x12
eas,0695-34 6555,?kergatan 24,Unnamed: 3,Boras,Unnamed: 5,S-844 67,Sweden,EMEA,Larsson,Maria,Small
giftsbymail.co.uk,31 12 3555,1 rue Alsace-Lorraine,Suite 750,New Bedford,NY,90110,Spain,EMEA,Yoshido,Elizabeth,Medium
Quebec Home Shopping Network,5085559555,Fauntleroy Circus,Suite 750,Tsawassen,Quebec,8022,USA,EMEA,Ashworth,Annette,Small
Alpha Cognac,61.77.6555,897 Long Airport Avenue,,Montreal,,31000,Italy,,Freyre,Victoria,Medium
</dataframe>


The user asked the following question:
### QUERY
 how many orders of motorcycles have been shipped

You generated this python code:
result = {}
for dfs in dfs:
    motorcycles_orders = dfs[dfs['Unnamed: 3'] == 'Motorcycles']
    total_motorcycles_orders = len(motorcycles_orders)
    result = {'type': 'number', 'value': total_motorcycles_orders}
print(result)

It fails with the following error:
Traceback (most recent call last):
  File "C:\Users\prasa\Downloads\assignproject\env\Lib\site-packages\pandasai\pipelines\chat\code_execution.py", line 85, in execute
    result = self.execute_code(code_to_run, code_context)
             ^^^^^^^^^^^^^^^^^^^^^^^^^^^^^^^^^^^^^^^^^^^^
  File "C:\Users\prasa\Downloads\assignproject\env\Lib\site-packages\pandasai\pipelines\chat\code_execution.py", line 171, in execute_code
    exec(code, environment)
  File "<string>", line 3, in <module>
TypeError: 'NoneType' object is not subscriptable


Fix the python code above and return the new python code:
2024-12-12 22:54:39 [INFO] Executing Step 1: CodeGenerator
2024-12-12 22:55:47 [INFO] HTTP Request: POST http://localhost:11434/v1/chat/completions "HTTP/1.1 200 OK"
2024-12-12 22:55:47 [INFO] Prompt used:
            <dataframe>
dfs[0]:20x12
eas,0695-34 6555,?kergatan 24,Unnamed: 3,Boras,Unnamed: 5,S-844 67,Sweden,EMEA,Larsson,Maria,Small
giftsbymail.co.uk,31 12 3555,1 rue Alsace-Lorraine,Suite 750,New Bedford,NY,90110,Spain,EMEA,Yoshido,Elizabeth,Medium
Quebec Home Shopping Network,5085559555,Fauntleroy Circus,Suite 750,Tsawassen,Quebec,8022,USA,EMEA,Ashworth,Annette,Small
Alpha Cognac,61.77.6555,897 Long Airport Avenue,,Montreal,,31000,Italy,,Freyre,Victoria,Medium
</dataframe>


The user asked the following question:
### QUERY
 how many orders of motorcycles have been shipped

You generated this python code:
result = {}
for dfs in dfs:
    motorcycles_orders = dfs[dfs['Unnamed: 3'] == 'Motorcycles']
    total_motorcycles_orders = len(motorcycles_orders)
    result = {'type': 'number', 'value': total_motorcycles_orders}
print(result)

It fails with the following error:
Traceback (most recent call last):
  File "C:\Users\prasa\Downloads\assignproject\env\Lib\site-packages\pandasai\pipelines\chat\code_execution.py", line 85, in execute
    result = self.execute_code(code_to_run, code_context)
             ^^^^^^^^^^^^^^^^^^^^^^^^^^^^^^^^^^^^^^^^^^^^
  File "C:\Users\prasa\Downloads\assignproject\env\Lib\site-packages\pandasai\pipelines\chat\code_execution.py", line 171, in execute_code
    exec(code, environment)
  File "<string>", line 3, in <module>
TypeError: 'NoneType' object is not subscriptable


Fix the python code above and return the new python code:
            
2024-12-12 22:55:47 [INFO] Code generated:
            ```
            Python
import pandas as pd

# Assuming dfs is a list containing one dataframe
if dfs is not None:
    motorcycles_orders = dfs[dfs['Unnamed: 3'] == 'Motorcycles']
    total_motorcycles_orders = len(motorcycles_orders)
    result = {'type': 'number', 'value': total_motorcycles_orders}
    print(result)
else:
    result = {'type': 'error', 'message': "No DataFrame found"}
    print(result)
            ```
            
2024-12-12 22:55:47 [INFO] Executing Step 2: CodeCleaning
2024-12-12 22:55:47 [INFO] 
Code running:
```
Python
if dfs is not None:
    motorcycles_orders = dfs[dfs['Unnamed: 3'] == 'Motorcycles']
    total_motorcycles_orders = len(motorcycles_orders)
    result = {'type': 'number', 'value': total_motorcycles_orders}
    print(result)
else:
    result = {'type': 'error', 'message': 'No DataFrame found'}
    print(result)
        ```
2024-12-12 22:55:47 [ERROR] Failed with error: Traceback (most recent call last):
  File "C:\Users\prasa\Downloads\assignproject\env\Lib\site-packages\pandasai\pipelines\chat\code_execution.py", line 85, in execute
    result = self.execute_code(code_to_run, code_context)
             ^^^^^^^^^^^^^^^^^^^^^^^^^^^^^^^^^^^^^^^^^^^^
  File "C:\Users\prasa\Downloads\assignproject\env\Lib\site-packages\pandasai\pipelines\chat\code_execution.py", line 171, in execute_code
    exec(code, environment)
  File "<string>", line 1, in <module>
NameError: name 'Python' is not defined

2024-12-12 22:55:47 [WARNING] Failed to execute code retrying with a correction framework [retry number: 2]
2024-12-12 22:55:47 [INFO] Executing Pipeline: ErrorCorrectionPipeline
2024-12-12 22:55:47 [INFO] Executing Step 0: ErrorPromptGeneration
2024-12-12 22:55:47 [INFO] Using prompt: <dataframe>
dfs[0]:20x12
eas,0695-34 6555,?kergatan 24,Unnamed: 3,Boras,Unnamed: 5,S-844 67,Sweden,EMEA,Larsson,Maria,Small
giftsbymail.co.uk,31 12 3555,1 rue Alsace-Lorraine,Suite 750,New Bedford,NY,90110,Spain,EMEA,Yoshido,Elizabeth,Medium
Quebec Home Shopping Network,5085559555,Fauntleroy Circus,Suite 750,Tsawassen,Quebec,8022,USA,EMEA,Ashworth,Annette,Small
Alpha Cognac,61.77.6555,897 Long Airport Avenue,,Montreal,,31000,Italy,,Freyre,Victoria,Medium
</dataframe>


The user asked the following question:
### QUERY
 how many orders of motorcycles have been shipped

You generated this python code:
Python
if dfs is not None:
    motorcycles_orders = dfs[dfs['Unnamed: 3'] == 'Motorcycles']
    total_motorcycles_orders = len(motorcycles_orders)
    result = {'type': 'number', 'value': total_motorcycles_orders}
    print(result)
else:
    result = {'type': 'error', 'message': 'No DataFrame found'}
    print(result)

It fails with the following error:
Traceback (most recent call last):
  File "C:\Users\prasa\Downloads\assignproject\env\Lib\site-packages\pandasai\pipelines\chat\code_execution.py", line 85, in execute
    result = self.execute_code(code_to_run, code_context)
             ^^^^^^^^^^^^^^^^^^^^^^^^^^^^^^^^^^^^^^^^^^^^
  File "C:\Users\prasa\Downloads\assignproject\env\Lib\site-packages\pandasai\pipelines\chat\code_execution.py", line 171, in execute_code
    exec(code, environment)
  File "<string>", line 1, in <module>
NameError: name 'Python' is not defined


Fix the python code above and return the new python code:
2024-12-12 22:55:47 [INFO] Executing Step 1: CodeGenerator
2024-12-12 22:56:38 [INFO] HTTP Request: POST http://localhost:11434/v1/chat/completions "HTTP/1.1 200 OK"
2024-12-12 22:56:38 [INFO] Prompt used:
            <dataframe>
dfs[0]:20x12
eas,0695-34 6555,?kergatan 24,Unnamed: 3,Boras,Unnamed: 5,S-844 67,Sweden,EMEA,Larsson,Maria,Small
giftsbymail.co.uk,31 12 3555,1 rue Alsace-Lorraine,Suite 750,New Bedford,NY,90110,Spain,EMEA,Yoshido,Elizabeth,Medium
Quebec Home Shopping Network,5085559555,Fauntleroy Circus,Suite 750,Tsawassen,Quebec,8022,USA,EMEA,Ashworth,Annette,Small
Alpha Cognac,61.77.6555,897 Long Airport Avenue,,Montreal,,31000,Italy,,Freyre,Victoria,Medium
</dataframe>


The user asked the following question:
### QUERY
 how many orders of motorcycles have been shipped

You generated this python code:
Python
if dfs is not None:
    motorcycles_orders = dfs[dfs['Unnamed: 3'] == 'Motorcycles']
    total_motorcycles_orders = len(motorcycles_orders)
    result = {'type': 'number', 'value': total_motorcycles_orders}
    print(result)
else:
    result = {'type': 'error', 'message': 'No DataFrame found'}
    print(result)

It fails with the following error:
Traceback (most recent call last):
  File "C:\Users\prasa\Downloads\assignproject\env\Lib\site-packages\pandasai\pipelines\chat\code_execution.py", line 85, in execute
    result = self.execute_code(code_to_run, code_context)
             ^^^^^^^^^^^^^^^^^^^^^^^^^^^^^^^^^^^^^^^^^^^^
  File "C:\Users\prasa\Downloads\assignproject\env\Lib\site-packages\pandasai\pipelines\chat\code_execution.py", line 171, in execute_code
    exec(code, environment)
  File "<string>", line 1, in <module>
NameError: name 'Python' is not defined


Fix the python code above and return the new python code:
            
2024-12-12 22:56:38 [INFO] Code generated:
            ```
            if dfs is not None:
    motorcycles_orders = dfs[dfs['Unnamed: 3'] == 'Motorcycles']
    total_motorcycles_orders = len(motorcycles_orders)
    result = {'type': 'number', 'value': total_motorcycles_orders}
    print(result)
else:
    result = {'type': 'error', 'message': 'No DataFrame found'}
    print(result)
            ```
            
2024-12-12 22:56:38 [INFO] Executing Step 2: CodeCleaning
2024-12-12 22:56:38 [INFO] 
Code running:
```
if dfs is not None:
    motorcycles_orders = dfs[dfs['Unnamed: 3'] == 'Motorcycles']
    total_motorcycles_orders = len(motorcycles_orders)
    result = {'type': 'number', 'value': total_motorcycles_orders}
    print(result)
else:
    result = {'type': 'error', 'message': 'No DataFrame found'}
    print(result)
        ```
2024-12-12 22:56:38 [ERROR] Failed with error: Traceback (most recent call last):
  File "C:\Users\prasa\Downloads\assignproject\env\Lib\site-packages\pandasai\pipelines\chat\code_execution.py", line 85, in execute
    result = self.execute_code(code_to_run, code_context)
             ^^^^^^^^^^^^^^^^^^^^^^^^^^^^^^^^^^^^^^^^^^^^
  File "C:\Users\prasa\Downloads\assignproject\env\Lib\site-packages\pandasai\pipelines\chat\code_execution.py", line 171, in execute_code
    exec(code, environment)
  File "<string>", line 2, in <module>
TypeError: list indices must be integers or slices, not str

2024-12-12 22:56:38 [WARNING] Failed to execute code retrying with a correction framework [retry number: 3]
2024-12-12 22:56:38 [INFO] Executing Pipeline: ErrorCorrectionPipeline
2024-12-12 22:56:38 [INFO] Executing Step 0: ErrorPromptGeneration
2024-12-12 22:56:38 [INFO] Using prompt: <dataframe>
dfs[0]:20x12
eas,0695-34 6555,?kergatan 24,Unnamed: 3,Boras,Unnamed: 5,S-844 67,Sweden,EMEA,Larsson,Maria,Small
giftsbymail.co.uk,31 12 3555,1 rue Alsace-Lorraine,Suite 750,New Bedford,NY,90110,Spain,EMEA,Yoshido,Elizabeth,Medium
Quebec Home Shopping Network,5085559555,Fauntleroy Circus,Suite 750,Tsawassen,Quebec,8022,USA,EMEA,Ashworth,Annette,Small
Alpha Cognac,61.77.6555,897 Long Airport Avenue,,Montreal,,31000,Italy,,Freyre,Victoria,Medium
</dataframe>


The user asked the following question:
### QUERY
 how many orders of motorcycles have been shipped

You generated this python code:
if dfs is not None:
    motorcycles_orders = dfs[dfs['Unnamed: 3'] == 'Motorcycles']
    total_motorcycles_orders = len(motorcycles_orders)
    result = {'type': 'number', 'value': total_motorcycles_orders}
    print(result)
else:
    result = {'type': 'error', 'message': 'No DataFrame found'}
    print(result)

It fails with the following error:
Traceback (most recent call last):
  File "C:\Users\prasa\Downloads\assignproject\env\Lib\site-packages\pandasai\pipelines\chat\code_execution.py", line 85, in execute
    result = self.execute_code(code_to_run, code_context)
             ^^^^^^^^^^^^^^^^^^^^^^^^^^^^^^^^^^^^^^^^^^^^
  File "C:\Users\prasa\Downloads\assignproject\env\Lib\site-packages\pandasai\pipelines\chat\code_execution.py", line 171, in execute_code
    exec(code, environment)
  File "<string>", line 2, in <module>
TypeError: list indices must be integers or slices, not str


Fix the python code above and return the new python code:
2024-12-12 22:56:38 [INFO] Executing Step 1: CodeGenerator
2024-12-12 22:58:27 [INFO] HTTP Request: POST http://localhost:11434/v1/chat/completions "HTTP/1.1 200 OK"
2024-12-12 22:58:27 [ERROR] Pipeline failed on step 1: No code found in the response
2024-12-12 22:58:27 [ERROR] Pipeline failed on step 6: No code found in the response
2024-12-12 23:04:51 [INFO] Question: What is the first column of the file
2024-12-12 23:04:51 [INFO] Running PandasAI with local LLM...
2024-12-12 23:04:51 [INFO] Prompt ID: 2b137e5a-4ba6-4329-8058-ca81c81e921f
2024-12-12 23:04:51 [INFO] Executing Pipeline: GenerateChatPipeline
2024-12-12 23:04:51 [INFO] Executing Step 0: ValidatePipelineInput
2024-12-12 23:04:51 [INFO] Executing Step 1: CacheLookup
2024-12-12 23:04:51 [INFO] Executing Step 2: PromptGeneration
2024-12-12 23:04:51 [INFO] Using prompt: <dataframe>
dfs[0]:20x12
eas,0695-34 6555,?kergatan 24,Unnamed: 3,Boras,Unnamed: 5,S-844 67,Sweden,EMEA,Larsson,Maria,Small
"Oulu Toy Supplies, Inc.",6203485694,Torikatu 38,Suite 750,Barcelona,NY,28034,Belgium,EMEA,Saavedra,Valarie,Small
"AV Stores, Co.",3147763236,5905 Pompton St.,,Madrid,Isle of Wight,T2F 8M4,Canada,EMEA,Lincoln,Kwai,Medium
Gifts4AllAges.com,6605805169,"67, rue des Cinquante Otages",Suite 750,Lyon,,PO31 7PJ,France,,Thompson,Helen,Small
</dataframe>




Update this initial code:
```python
# TODO: import the required dependencies
import pandas as pd

# Write code here

# Declare result var: 
type (possible values "string", "number", "dataframe", "plot"). Examples: { "type": "string", "value": f"The highest salary is {highest_salary}." } or { "type": "number", "value": 125 } or { "type": "dataframe", "value": pd.DataFrame({...}) } or { "type": "plot", "value": "temp_chart.png" }

```



### QUERY
 What is the first column of the file

Variable `dfs: list[pd.DataFrame]` is already declared.

At the end, declare "result" variable as a dictionary of type and value.

If you are asked to plot a chart, use "matplotlib" for charts, save as png.


Generate python code and return full updated code:
2024-12-12 23:04:51 [INFO] Executing Step 3: CodeGenerator
2024-12-12 23:06:03 [INFO] HTTP Request: POST http://localhost:11434/v1/chat/completions "HTTP/1.1 200 OK"
2024-12-12 23:06:03 [INFO] Prompt used:
            <dataframe>
dfs[0]:20x12
eas,0695-34 6555,?kergatan 24,Unnamed: 3,Boras,Unnamed: 5,S-844 67,Sweden,EMEA,Larsson,Maria,Small
"Oulu Toy Supplies, Inc.",6203485694,Torikatu 38,Suite 750,Barcelona,NY,28034,Belgium,EMEA,Saavedra,Valarie,Small
"AV Stores, Co.",3147763236,5905 Pompton St.,,Madrid,Isle of Wight,T2F 8M4,Canada,EMEA,Lincoln,Kwai,Medium
Gifts4AllAges.com,6605805169,"67, rue des Cinquante Otages",Suite 750,Lyon,,PO31 7PJ,France,,Thompson,Helen,Small
</dataframe>




Update this initial code:
```python
# TODO: import the required dependencies
import pandas as pd

# Write code here

# Declare result var: 
type (possible values "string", "number", "dataframe", "plot"). Examples: { "type": "string", "value": f"The highest salary is {highest_salary}." } or { "type": "number", "value": 125 } or { "type": "dataframe", "value": pd.DataFrame({...}) } or { "type": "plot", "value": "temp_chart.png" }

```



### QUERY
 What is the first column of the file

Variable `dfs: list[pd.DataFrame]` is already declared.

At the end, declare "result" variable as a dictionary of type and value.

If you are asked to plot a chart, use "matplotlib" for charts, save as png.


Generate python code and return full updated code:
            
2024-12-12 23:06:03 [INFO] Code generated:
            ```
            Python
# TODO: import the required dependencies
import pandas as pd
import matplotlib.pyplot as plt

# Load data from dataframe
dfs = pd.read_csv('yourfile.csv')  # replace 'yourfile.csv' with your actual file name

# Get head (first) row of the first DataFrame
first_row = dfs[0].head(1)

# Initialize result dictionary
result = {"type": "string", "value": str(first_row)}

print(result)
            ```
            
2024-12-12 23:06:03 [INFO] Executing Step 4: CachePopulation
2024-12-12 23:06:03 [INFO] Executing Step 5: CodeCleaning
2024-12-12 23:06:03 [INFO] 
Code running:
```
Python
first_row = dfs[0].head(1)
result = {'type': 'string', 'value': str(first_row)}
print(result)
        ```
2024-12-12 23:06:03 [INFO] Executing Step 6: CodeExecution
2024-12-12 23:06:03 [ERROR] Failed with error: Traceback (most recent call last):
  File "C:\Users\prasa\Downloads\assignproject\env\Lib\site-packages\pandasai\pipelines\chat\code_execution.py", line 85, in execute
    result = self.execute_code(code_to_run, code_context)
             ^^^^^^^^^^^^^^^^^^^^^^^^^^^^^^^^^^^^^^^^^^^^
  File "C:\Users\prasa\Downloads\assignproject\env\Lib\site-packages\pandasai\pipelines\chat\code_execution.py", line 171, in execute_code
    exec(code, environment)
  File "<string>", line 1, in <module>
NameError: name 'Python' is not defined

2024-12-12 23:06:03 [WARNING] Failed to execute code retrying with a correction framework [retry number: 1]
2024-12-12 23:06:03 [INFO] Executing Pipeline: ErrorCorrectionPipeline
2024-12-12 23:06:03 [INFO] Executing Step 0: ErrorPromptGeneration
2024-12-12 23:06:03 [INFO] Using prompt: <dataframe>
dfs[0]:20x12
eas,0695-34 6555,?kergatan 24,Unnamed: 3,Boras,Unnamed: 5,S-844 67,Sweden,EMEA,Larsson,Maria,Small
"Oulu Toy Supplies, Inc.",6203485694,Torikatu 38,Suite 750,Barcelona,NY,28034,Belgium,EMEA,Saavedra,Valarie,Small
"AV Stores, Co.",3147763236,5905 Pompton St.,,Madrid,Isle of Wight,T2F 8M4,Canada,EMEA,Lincoln,Kwai,Medium
Gifts4AllAges.com,6605805169,"67, rue des Cinquante Otages",Suite 750,Lyon,,PO31 7PJ,France,,Thompson,Helen,Small
</dataframe>


The user asked the following question:
### QUERY
 What is the first column of the file

You generated this python code:
Python
first_row = dfs[0].head(1)
result = {'type': 'string', 'value': str(first_row)}
print(result)

It fails with the following error:
Traceback (most recent call last):
  File "C:\Users\prasa\Downloads\assignproject\env\Lib\site-packages\pandasai\pipelines\chat\code_execution.py", line 85, in execute
    result = self.execute_code(code_to_run, code_context)
             ^^^^^^^^^^^^^^^^^^^^^^^^^^^^^^^^^^^^^^^^^^^^
  File "C:\Users\prasa\Downloads\assignproject\env\Lib\site-packages\pandasai\pipelines\chat\code_execution.py", line 171, in execute_code
    exec(code, environment)
  File "<string>", line 1, in <module>
NameError: name 'Python' is not defined


Fix the python code above and return the new python code:
2024-12-12 23:06:03 [INFO] Executing Step 1: CodeGenerator
2024-12-12 23:06:57 [INFO] HTTP Request: POST http://localhost:11434/v1/chat/completions "HTTP/1.1 200 OK"
2024-12-12 23:06:57 [INFO] Prompt used:
            <dataframe>
dfs[0]:20x12
eas,0695-34 6555,?kergatan 24,Unnamed: 3,Boras,Unnamed: 5,S-844 67,Sweden,EMEA,Larsson,Maria,Small
"Oulu Toy Supplies, Inc.",6203485694,Torikatu 38,Suite 750,Barcelona,NY,28034,Belgium,EMEA,Saavedra,Valarie,Small
"AV Stores, Co.",3147763236,5905 Pompton St.,,Madrid,Isle of Wight,T2F 8M4,Canada,EMEA,Lincoln,Kwai,Medium
Gifts4AllAges.com,6605805169,"67, rue des Cinquante Otages",Suite 750,Lyon,,PO31 7PJ,France,,Thompson,Helen,Small
</dataframe>


The user asked the following question:
### QUERY
 What is the first column of the file

You generated this python code:
Python
first_row = dfs[0].head(1)
result = {'type': 'string', 'value': str(first_row)}
print(result)

It fails with the following error:
Traceback (most recent call last):
  File "C:\Users\prasa\Downloads\assignproject\env\Lib\site-packages\pandasai\pipelines\chat\code_execution.py", line 85, in execute
    result = self.execute_code(code_to_run, code_context)
             ^^^^^^^^^^^^^^^^^^^^^^^^^^^^^^^^^^^^^^^^^^^^
  File "C:\Users\prasa\Downloads\assignproject\env\Lib\site-packages\pandasai\pipelines\chat\code_execution.py", line 171, in execute_code
    exec(code, environment)
  File "<string>", line 1, in <module>
NameError: name 'Python' is not defined


Fix the python code above and return the new python code:
            
2024-12-12 23:06:58 [INFO] Code generated:
            ```
            first_row = dfs[0].columns.tolist()
result = {'type': 'string', 'value': str(first_row)}
print(result)
            ```
            
2024-12-12 23:06:58 [INFO] Executing Step 2: CodeCleaning
2024-12-12 23:06:58 [INFO] 
Code running:
```
first_row = dfs[0].columns.tolist()
result = {'type': 'string', 'value': str(first_row)}
print(result)
        ```
2024-12-12 23:06:58 [INFO] Executing Step 7: ResultValidation
2024-12-12 23:06:58 [INFO] Answer: {'type': 'string', 'value': "['eas', '0695-34 6555', '?kergatan 24', 'Unnamed: 3', 'Boras', 'Unnamed: 5', 'S-844 67', 'Sweden', 'EMEA', 'Larsson', 'Maria', 'Small']"}
2024-12-12 23:06:58 [INFO] Executing Step 8: ResultParsing
2024-12-12 23:37:25 [INFO] Question: how many columns are there
2024-12-12 23:37:25 [INFO] Running PandasAI with local LLM...
2024-12-12 23:37:25 [INFO] Prompt ID: b4343eb7-dd96-49a2-856a-d0e410c11937
2024-12-12 23:37:25 [INFO] Executing Pipeline: GenerateChatPipeline
2024-12-12 23:37:25 [INFO] Executing Step 0: ValidatePipelineInput
2024-12-12 23:37:25 [INFO] Executing Step 1: CacheLookup
2024-12-12 23:37:25 [INFO] Executing Step 2: PromptGeneration
2024-12-12 23:37:25 [INFO] Using prompt: <dataframe>
dfs[0]:2823x25
ORDERNUMBER,QUANTITYORDERED,PRICEEACH,ORDERLINENUMBER,SALES,ORDERDATE,STATUS,QTR_ID,MONTH_ID,YEAR_ID,PRODUCTLINE,MSRP,PRODUCTCODE,CUSTOMERNAME,PHONE,ADDRESSLINE1,ADDRESSLINE2,CITY,STATE,POSTALCODE,COUNTRY,TERRITORY,CONTACTLASTNAME,CONTACTFIRSTNAME,DEALSIZE
10414,70,41.71,1,2656.94,1/22/2004 0:00,Disputed,2,2,2004,Classic Cars,127,S10_4757,Vitachrome Inc.,0305184643,782 First Street,,Manchester,CA,92561,Japan,,Tseng,Pascale,Medium
10323,19,76.0,13,2611.8,6/16/2003 0:00,Shipped,3,4,2005,Motorcycles,76,S700_2466,"UK Collectables, Ltd.",4130102386,5290 North Pendale Street,Suite 750,Liverpool,,N 0106,Sweden,EMEA,Yoshido,Giovanni,Small
10341,44,74.62,7,2147.4,2/11/2003 0:00,Cancelled,1,11,2003,Trucks and Buses,140,S18_2581,"Toms Spezialitten, Ltd",3101428055,Rue Joseph-Bens 532,Level 3,Glendale,Tokyo,,France,APAC,Brown,Kee,Large
</dataframe>




Update this initial code:
```python
# TODO: import the required dependencies
import pandas as pd

# Write code here

# Declare result var: 
type (possible values "string", "number", "dataframe", "plot"). Examples: { "type": "string", "value": f"The highest salary is {highest_salary}." } or { "type": "number", "value": 125 } or { "type": "dataframe", "value": pd.DataFrame({...}) } or { "type": "plot", "value": "temp_chart.png" }

```



### QUERY
 how many columns are there

Variable `dfs: list[pd.DataFrame]` is already declared.

At the end, declare "result" variable as a dictionary of type and value.

If you are asked to plot a chart, use "matplotlib" for charts, save as png.


Generate python code and return full updated code:
2024-12-12 23:37:25 [INFO] Executing Step 3: CodeGenerator
2024-12-12 23:38:07 [INFO] HTTP Request: POST http://localhost:11434/v1/chat/completions "HTTP/1.1 200 OK"
2024-12-12 23:38:07 [INFO] Prompt used:
            <dataframe>
dfs[0]:2823x25
ORDERNUMBER,QUANTITYORDERED,PRICEEACH,ORDERLINENUMBER,SALES,ORDERDATE,STATUS,QTR_ID,MONTH_ID,YEAR_ID,PRODUCTLINE,MSRP,PRODUCTCODE,CUSTOMERNAME,PHONE,ADDRESSLINE1,ADDRESSLINE2,CITY,STATE,POSTALCODE,COUNTRY,TERRITORY,CONTACTLASTNAME,CONTACTFIRSTNAME,DEALSIZE
10414,70,41.71,1,2656.94,1/22/2004 0:00,Disputed,2,2,2004,Classic Cars,127,S10_4757,Vitachrome Inc.,0305184643,782 First Street,,Manchester,CA,92561,Japan,,Tseng,Pascale,Medium
10323,19,76.0,13,2611.8,6/16/2003 0:00,Shipped,3,4,2005,Motorcycles,76,S700_2466,"UK Collectables, Ltd.",4130102386,5290 North Pendale Street,Suite 750,Liverpool,,N 0106,Sweden,EMEA,Yoshido,Giovanni,Small
10341,44,74.62,7,2147.4,2/11/2003 0:00,Cancelled,1,11,2003,Trucks and Buses,140,S18_2581,"Toms Spezialitten, Ltd",3101428055,Rue Joseph-Bens 532,Level 3,Glendale,Tokyo,,France,APAC,Brown,Kee,Large
</dataframe>




Update this initial code:
```python
# TODO: import the required dependencies
import pandas as pd

# Write code here

# Declare result var: 
type (possible values "string", "number", "dataframe", "plot"). Examples: { "type": "string", "value": f"The highest salary is {highest_salary}." } or { "type": "number", "value": 125 } or { "type": "dataframe", "value": pd.DataFrame({...}) } or { "type": "plot", "value": "temp_chart.png" }

```



### QUERY
 how many columns are there

Variable `dfs: list[pd.DataFrame]` is already declared.

At the end, declare "result" variable as a dictionary of type and value.

If you are asked to plot a chart, use "matplotlib" for charts, save as png.


Generate python code and return full updated code:
            
2024-12-12 23:38:07 [INFO] Code generated:
            ```
            # TODO: import the required dependencies
import pandas as pd

dfs = []

# Write code here

# The highest number of columns in a dataframe in dfs is 25 and it occurs at index 0
result = {"type": "string", "value": f"There are {len(dfs[0].columns)} columns."}

print(result)
            ```
            
2024-12-12 23:38:07 [INFO] Executing Step 4: CachePopulation
2024-12-12 23:38:07 [INFO] Executing Step 5: CodeCleaning
2024-12-12 23:38:08 [INFO] 
Code running:
```
result = {'type': 'string', 'value': f'There are {len(dfs[0].columns)} columns.'}
print(result)
        ```
2024-12-12 23:38:08 [INFO] Executing Step 6: CodeExecution
2024-12-12 23:38:08 [INFO] Executing Step 7: ResultValidation
2024-12-12 23:38:08 [INFO] Answer: {'type': 'string', 'value': 'There are 25 columns.'}
2024-12-12 23:38:08 [INFO] Executing Step 8: ResultParsing
2024-12-12 23:38:31 [INFO] Question: how many rows are there
2024-12-12 23:38:31 [INFO] Running PandasAI with local LLM...
2024-12-12 23:38:31 [INFO] Prompt ID: e83d1f65-5b6d-4ba1-a8b7-e9f932afb3f5
2024-12-12 23:38:31 [INFO] Executing Pipeline: GenerateChatPipeline
2024-12-12 23:38:31 [INFO] Executing Step 0: ValidatePipelineInput
2024-12-12 23:38:31 [INFO] Executing Step 1: CacheLookup
2024-12-12 23:38:31 [INFO] Executing Step 2: PromptGeneration
2024-12-12 23:38:31 [INFO] Using prompt: <dataframe>
dfs[0]:2823x25
ORDERNUMBER,QUANTITYORDERED,PRICEEACH,ORDERLINENUMBER,SALES,ORDERDATE,STATUS,QTR_ID,MONTH_ID,YEAR_ID,PRODUCTLINE,MSRP,PRODUCTCODE,CUSTOMERNAME,PHONE,ADDRESSLINE1,ADDRESSLINE2,CITY,STATE,POSTALCODE,COUNTRY,TERRITORY,CONTACTLASTNAME,CONTACTFIRSTNAME,DEALSIZE
10206,76,73.98,16,2418.24,8/20/2004 0:00,Cancelled,3,9,2003,Motorcycles,68,S700_2834,"Toys of Finland, Co.",5276429028,5557 North Pendale Street,,Madrid,NV,,Switzerland,EMEA,Natividad,Paolo,Small
10103,19,56.85,14,4133.64,8/8/2003 0:00,Resolved,4,7,2005,Ships,90,S18_2795,La Rochelle Gifts,1075849231,"C/ Romero, 33",Level 3,New Bedford,MA,10022,Australia,APAC,Lebihan,Jan,Medium
10347,27,44.56,1,2795.14,7/4/2003 0:00,Shipped,2,6,2004,Trains,173,S24_3949,Souveniers And Things Co.,3456268498,25 Maiden Lane,Level 6,Osaka,,94217,Singapore,,Ibsen,Anna,Large
</dataframe>




Update this initial code:
```python
# TODO: import the required dependencies
import pandas as pd

# Write code here

# Declare result var: 
type (possible values "string", "number", "dataframe", "plot"). Examples: { "type": "string", "value": f"The highest salary is {highest_salary}." } or { "type": "number", "value": 125 } or { "type": "dataframe", "value": pd.DataFrame({...}) } or { "type": "plot", "value": "temp_chart.png" }

```



### QUERY
 how many rows are there

Variable `dfs: list[pd.DataFrame]` is already declared.

At the end, declare "result" variable as a dictionary of type and value.

If you are asked to plot a chart, use "matplotlib" for charts, save as png.


Generate python code and return full updated code:
2024-12-12 23:38:31 [INFO] Executing Step 3: CodeGenerator
2024-12-12 23:39:19 [INFO] HTTP Request: POST http://localhost:11434/v1/chat/completions "HTTP/1.1 200 OK"
2024-12-12 23:39:19 [INFO] Prompt used:
            <dataframe>
dfs[0]:2823x25
ORDERNUMBER,QUANTITYORDERED,PRICEEACH,ORDERLINENUMBER,SALES,ORDERDATE,STATUS,QTR_ID,MONTH_ID,YEAR_ID,PRODUCTLINE,MSRP,PRODUCTCODE,CUSTOMERNAME,PHONE,ADDRESSLINE1,ADDRESSLINE2,CITY,STATE,POSTALCODE,COUNTRY,TERRITORY,CONTACTLASTNAME,CONTACTFIRSTNAME,DEALSIZE
10206,76,73.98,16,2418.24,8/20/2004 0:00,Cancelled,3,9,2003,Motorcycles,68,S700_2834,"Toys of Finland, Co.",5276429028,5557 North Pendale Street,,Madrid,NV,,Switzerland,EMEA,Natividad,Paolo,Small
10103,19,56.85,14,4133.64,8/8/2003 0:00,Resolved,4,7,2005,Ships,90,S18_2795,La Rochelle Gifts,1075849231,"C/ Romero, 33",Level 3,New Bedford,MA,10022,Australia,APAC,Lebihan,Jan,Medium
10347,27,44.56,1,2795.14,7/4/2003 0:00,Shipped,2,6,2004,Trains,173,S24_3949,Souveniers And Things Co.,3456268498,25 Maiden Lane,Level 6,Osaka,,94217,Singapore,,Ibsen,Anna,Large
</dataframe>




Update this initial code:
```python
# TODO: import the required dependencies
import pandas as pd

# Write code here

# Declare result var: 
type (possible values "string", "number", "dataframe", "plot"). Examples: { "type": "string", "value": f"The highest salary is {highest_salary}." } or { "type": "number", "value": 125 } or { "type": "dataframe", "value": pd.DataFrame({...}) } or { "type": "plot", "value": "temp_chart.png" }

```



### QUERY
 how many rows are there

Variable `dfs: list[pd.DataFrame]` is already declared.

At the end, declare "result" variable as a dictionary of type and value.

If you are asked to plot a chart, use "matplotlib" for charts, save as png.


Generate python code and return full updated code:
            
2024-12-12 23:39:19 [INFO] Code generated:
            ```
            # TODO: import the required dependencies
import pandas as pd
import matplotlib.pyplot as plt

# Initialize `dfs` with your data frame.
# I assume it already contains the provided DataFrame
dfs = [...]

# Declare result var:
result = {"type": "number", "value": len(dfs[0])}

print(result)
            ```
            
2024-12-12 23:39:19 [INFO] Executing Step 4: CachePopulation
2024-12-12 23:39:19 [INFO] Executing Step 5: CodeCleaning
2024-12-12 23:39:19 [INFO] 
Code running:
```
result = {'type': 'number', 'value': len(dfs[0])}
print(result)
        ```
2024-12-12 23:39:19 [INFO] Executing Step 6: CodeExecution
2024-12-12 23:39:19 [INFO] Executing Step 7: ResultValidation
2024-12-12 23:39:19 [INFO] Answer: {'type': 'number', 'value': 2823}
2024-12-12 23:39:19 [INFO] Executing Step 8: ResultParsing
2024-12-12 23:40:15 [INFO] Question: generate a piechart of the products shipped
2024-12-12 23:40:15 [INFO] Running PandasAI with local LLM...
2024-12-12 23:40:15 [INFO] Prompt ID: 1246fc1b-6a87-4097-b11c-be84ff40f871
2024-12-12 23:40:15 [INFO] Executing Pipeline: GenerateChatPipeline
2024-12-12 23:40:15 [INFO] Executing Step 0: ValidatePipelineInput
2024-12-12 23:40:15 [INFO] Executing Step 1: CacheLookup
2024-12-12 23:40:15 [INFO] Executing Step 2: PromptGeneration
2024-12-12 23:40:15 [INFO] Using prompt: <dataframe>
dfs[0]:2823x25
ORDERNUMBER,QUANTITYORDERED,PRICEEACH,ORDERLINENUMBER,SALES,ORDERDATE,STATUS,QTR_ID,MONTH_ID,YEAR_ID,PRODUCTLINE,MSRP,PRODUCTCODE,CUSTOMERNAME,PHONE,ADDRESSLINE1,ADDRESSLINE2,CITY,STATE,POSTALCODE,COUNTRY,TERRITORY,CONTACTLASTNAME,CONTACTFIRSTNAME,DEALSIZE
10282,70,68.08,10,3298.55,8/28/2004 0:00,On Hold,2,4,2003,Ships,96,S24_3371,"Toms Spezialitten, Ltd",(91) 555 94 44,3675 Furth Circle,Level 15,Newark,CA,13008,Sweden,Japan,Devon,Adrian,Large
10357,43,89.46,11,2178.54,5/13/2005 0:00,Shipped,4,10,2004,Trucks and Buses,105,S18_2325,Enaco Distributors,+353 1862 1555,Hansastr. 15,Level 3,London,,,Canada,,Connery,Catherine,Medium
10221,54,53.72,16,4178.85,4/3/2004 0:00,In Process,1,2,2005,Vintage Cars,54,S72_1253,"Saveley & Henriot, Co.",78.32.5555,Strada Provinciale 124,,Vancouver,Isle of Wight,42100,Philippines,EMEA,Perrier,Michael,Small
</dataframe>




Update this initial code:
```python
# TODO: import the required dependencies
import pandas as pd

# Write code here

# Declare result var: 
type (possible values "string", "number", "dataframe", "plot"). Examples: { "type": "string", "value": f"The highest salary is {highest_salary}." } or { "type": "number", "value": 125 } or { "type": "dataframe", "value": pd.DataFrame({...}) } or { "type": "plot", "value": "temp_chart.png" }

```



### QUERY
 generate a piechart of the products shipped

Variable `dfs: list[pd.DataFrame]` is already declared.

At the end, declare "result" variable as a dictionary of type and value.

If you are asked to plot a chart, use "matplotlib" for charts, save as png.


Generate python code and return full updated code:
2024-12-12 23:40:15 [INFO] Executing Step 3: CodeGenerator
2024-12-12 23:41:06 [INFO] HTTP Request: POST http://localhost:11434/v1/chat/completions "HTTP/1.1 200 OK"
2024-12-12 23:41:06 [INFO] Prompt used:
            <dataframe>
dfs[0]:2823x25
ORDERNUMBER,QUANTITYORDERED,PRICEEACH,ORDERLINENUMBER,SALES,ORDERDATE,STATUS,QTR_ID,MONTH_ID,YEAR_ID,PRODUCTLINE,MSRP,PRODUCTCODE,CUSTOMERNAME,PHONE,ADDRESSLINE1,ADDRESSLINE2,CITY,STATE,POSTALCODE,COUNTRY,TERRITORY,CONTACTLASTNAME,CONTACTFIRSTNAME,DEALSIZE
10282,70,68.08,10,3298.55,8/28/2004 0:00,On Hold,2,4,2003,Ships,96,S24_3371,"Toms Spezialitten, Ltd",(91) 555 94 44,3675 Furth Circle,Level 15,Newark,CA,13008,Sweden,Japan,Devon,Adrian,Large
10357,43,89.46,11,2178.54,5/13/2005 0:00,Shipped,4,10,2004,Trucks and Buses,105,S18_2325,Enaco Distributors,+353 1862 1555,Hansastr. 15,Level 3,London,,,Canada,,Connery,Catherine,Medium
10221,54,53.72,16,4178.85,4/3/2004 0:00,In Process,1,2,2005,Vintage Cars,54,S72_1253,"Saveley & Henriot, Co.",78.32.5555,Strada Provinciale 124,,Vancouver,Isle of Wight,42100,Philippines,EMEA,Perrier,Michael,Small
</dataframe>




Update this initial code:
```python
# TODO: import the required dependencies
import pandas as pd

# Write code here

# Declare result var: 
type (possible values "string", "number", "dataframe", "plot"). Examples: { "type": "string", "value": f"The highest salary is {highest_salary}." } or { "type": "number", "value": 125 } or { "type": "dataframe", "value": pd.DataFrame({...}) } or { "type": "plot", "value": "temp_chart.png" }

```



### QUERY
 generate a piechart of the products shipped

Variable `dfs: list[pd.DataFrame]` is already declared.

At the end, declare "result" variable as a dictionary of type and value.

If you are asked to plot a chart, use "matplotlib" for charts, save as png.


Generate python code and return full updated code:
            
2024-12-12 23:41:06 [INFO] Code generated:
            ```
            # TODO: import the required dependencies
import pandas as pd
import matplotlib.pyplot as plt

# Load data into a list of DataFrames
dfs = [pd.read_csv('data.csv')]

# Group by productline and calculate total quantity ordered for each productline
total_quantity_ordered_by_productline = dfs[0].groupby('PRODUCTLINE')['QUANTITYORDERED'].sum().reset_index()

# Create a pie chart of the products shipped
plt.pie(total_quantity_ordered_by_productline['QUANTITYORDERED'], labels=total_quantity_ordered_by_productline['PRODUCTLINE'], autopct='%1.1f%%')

# Save the pie chart as a PNG file
plt.savefig('product_shipments_pie_chart.png')

# Declare result var: 
result = {"type": "plot", "value": 'product_shipments_pie_chart.png'}
            ```
            
2024-12-12 23:41:06 [INFO] Executing Step 4: CachePopulation
2024-12-12 23:41:06 [INFO] Executing Step 5: CodeCleaning
2024-12-12 23:41:06 [INFO] Saving charts to C:\Users\prasa\Downloads\assignproject\exports\charts\temp_chart.png
2024-12-12 23:41:06 [INFO] 
Code running:
```
total_quantity_ordered_by_productline = dfs[0].groupby('PRODUCTLINE')['QUANTITYORDERED'].sum().reset_index()
plt.pie(total_quantity_ordered_by_productline['QUANTITYORDERED'], labels=total_quantity_ordered_by_productline['PRODUCTLINE'], autopct='%1.1f%%')
plt.savefig('C:/Users/prasa/Downloads/assignproject/exports/charts/temp_chart.png')
result = {'type': 'plot', 'value': 'C:/Users/prasa/Downloads/assignproject/exports/charts/temp_chart.png'}
        ```
2024-12-12 23:41:06 [INFO] Executing Step 6: CodeExecution
2024-12-12 23:41:07 [INFO] Executing Step 7: ResultValidation
2024-12-12 23:41:07 [INFO] Answer: {'type': 'plot', 'value': 'C:/Users/prasa/Downloads/assignproject/exports/charts/temp_chart.png'}
2024-12-12 23:41:07 [INFO] Executing Step 8: ResultParsing
2024-12-12 23:42:35 [INFO] Question: how many ships have been sold and generate a histgram on the areas it was shipped to
2024-12-12 23:42:35 [INFO] Running PandasAI with local LLM...
2024-12-12 23:42:35 [INFO] Prompt ID: da76f09b-9f10-4bc5-9dd7-83fd69e60c2d
2024-12-12 23:42:35 [INFO] Executing Pipeline: GenerateChatPipeline
2024-12-12 23:42:35 [INFO] Executing Step 0: ValidatePipelineInput
2024-12-12 23:42:35 [INFO] Executing Step 1: CacheLookup
2024-12-12 23:42:35 [INFO] Executing Step 2: PromptGeneration
2024-12-12 23:42:35 [INFO] Using prompt: <dataframe>
dfs[0]:2823x25
ORDERNUMBER,QUANTITYORDERED,PRICEEACH,ORDERLINENUMBER,SALES,ORDERDATE,STATUS,QTR_ID,MONTH_ID,YEAR_ID,PRODUCTLINE,MSRP,PRODUCTCODE,CUSTOMERNAME,PHONE,ADDRESSLINE1,ADDRESSLINE2,CITY,STATE,POSTALCODE,COUNTRY,TERRITORY,CONTACTLASTNAME,CONTACTFIRSTNAME,DEALSIZE
10424,35,43.7,1,733.11,10/17/2003 0:00,In Process,1,10,2005,Trucks and Buses,44,S18_1342,Amica Models & Co.,07-98 9555,5677 Strong St.,2nd Floor,New Haven,Quebec,WX1 6LT,Finland,Japan,Cruz,Sean,Medium
10343,18,52.14,10,4891.68,4/16/2003 0:00,Disputed,2,6,2003,Trains,65,S700_2610,"Norway Gifts By Mail, Co.",03 9520 4555,Kirchgasse 6,Level 15,Nantes,,62005,USA,,Shimamura,Paul,Small
10413,24,80.34,15,3338.1,10/18/2003 0:00,Shipped,3,7,2004,Classic Cars,132,S12_1108,"Dragon Souveniers, Ltd.",6035558647,35 King George,,Makati City,NJ,,Austria,APAC,Barajas,Eric,Large
</dataframe>




Update this initial code:
```python
# TODO: import the required dependencies
import pandas as pd

# Write code here

# Declare result var: 
type (possible values "string", "number", "dataframe", "plot"). Examples: { "type": "string", "value": f"The highest salary is {highest_salary}." } or { "type": "number", "value": 125 } or { "type": "dataframe", "value": pd.DataFrame({...}) } or { "type": "plot", "value": "temp_chart.png" }

```



### QUERY
 how many ships have been sold and generate a histgram on the areas it was shipped to

Variable `dfs: list[pd.DataFrame]` is already declared.

At the end, declare "result" variable as a dictionary of type and value.

If you are asked to plot a chart, use "matplotlib" for charts, save as png.


Generate python code and return full updated code:
2024-12-12 23:42:35 [INFO] Executing Step 3: CodeGenerator
2024-12-12 23:44:09 [INFO] HTTP Request: POST http://localhost:11434/v1/chat/completions "HTTP/1.1 200 OK"
2024-12-12 23:44:09 [INFO] Prompt used:
            <dataframe>
dfs[0]:2823x25
ORDERNUMBER,QUANTITYORDERED,PRICEEACH,ORDERLINENUMBER,SALES,ORDERDATE,STATUS,QTR_ID,MONTH_ID,YEAR_ID,PRODUCTLINE,MSRP,PRODUCTCODE,CUSTOMERNAME,PHONE,ADDRESSLINE1,ADDRESSLINE2,CITY,STATE,POSTALCODE,COUNTRY,TERRITORY,CONTACTLASTNAME,CONTACTFIRSTNAME,DEALSIZE
10424,35,43.7,1,733.11,10/17/2003 0:00,In Process,1,10,2005,Trucks and Buses,44,S18_1342,Amica Models & Co.,07-98 9555,5677 Strong St.,2nd Floor,New Haven,Quebec,WX1 6LT,Finland,Japan,Cruz,Sean,Medium
10343,18,52.14,10,4891.68,4/16/2003 0:00,Disputed,2,6,2003,Trains,65,S700_2610,"Norway Gifts By Mail, Co.",03 9520 4555,Kirchgasse 6,Level 15,Nantes,,62005,USA,,Shimamura,Paul,Small
10413,24,80.34,15,3338.1,10/18/2003 0:00,Shipped,3,7,2004,Classic Cars,132,S12_1108,"Dragon Souveniers, Ltd.",6035558647,35 King George,,Makati City,NJ,,Austria,APAC,Barajas,Eric,Large
</dataframe>




Update this initial code:
```python
# TODO: import the required dependencies
import pandas as pd

# Write code here

# Declare result var: 
type (possible values "string", "number", "dataframe", "plot"). Examples: { "type": "string", "value": f"The highest salary is {highest_salary}." } or { "type": "number", "value": 125 } or { "type": "dataframe", "value": pd.DataFrame({...}) } or { "type": "plot", "value": "temp_chart.png" }

```



### QUERY
 how many ships have been sold and generate a histgram on the areas it was shipped to

Variable `dfs: list[pd.DataFrame]` is already declared.

At the end, declare "result" variable as a dictionary of type and value.

If you are asked to plot a chart, use "matplotlib" for charts, save as png.


Generate python code and return full updated code:
            
2024-12-12 23:44:09 [INFO] Code generated:
            ```
            # TODO: import the required dependencies
import pandas as pd
import matplotlib.pyplot as plt

dfs = [...];  # This value is given in your question.

# Get the dataframe of the ships data.
ships_df = dfs[0]

# Filter the dataframe to get only the shipped orders.
shipped_ships_df = ships_df[ships_df['STATUS'] == 'Shipped']

# Count the number of ships that have been sold.
num_ships_sold = len(shipped_ships_df)

# Create a histogram of the countries where ships were shipped.
countries = shipped_ships_df['COUNTRY']
plt.hist(countries, bins=[f"{country}" for country in set(countries)])
plt.xlabel('Country')
plt.ylabel('Count')
plt.title('Countries where ships were shipped')
plt.savefig('ship_countrie_histogram.png')

# Declare result var
result = {"type": "dict", "value": {"total_ships_sold": num_ships_sold, "ship_countrie_histogram": 'ship_countrie_histogram.png'}}

print(result)
            ```
            
2024-12-12 23:44:10 [INFO] Executing Step 4: CachePopulation
2024-12-12 23:44:11 [INFO] Executing Step 5: CodeCleaning
2024-12-12 23:44:12 [INFO] Saving charts to C:\Users\prasa\Downloads\assignproject\exports\charts\temp_chart.png
2024-12-12 23:44:12 [INFO] 
Code running:
```
ships_df = dfs[0]
shipped_ships_df = ships_df[ships_df['STATUS'] == 'Shipped']
num_ships_sold = len(shipped_ships_df)
countries = shipped_ships_df['COUNTRY']
plt.hist(countries, bins=[f'{country}' for country in set(countries)])
plt.xlabel('Country')
plt.ylabel('Count')
plt.title('Countries where ships were shipped')
plt.savefig('C:/Users/prasa/Downloads/assignproject/exports/charts/temp_chart.png')
result = {'type': 'dict', 'value': {'total_ships_sold': num_ships_sold, 'ship_countrie_histogram': 'C:/Users/prasa/Downloads/assignproject/exports/charts/temp_chart.png'}}
print(result)
        ```
2024-12-12 23:44:12 [INFO] Executing Step 6: CodeExecution
2024-12-12 23:44:12 [ERROR] Failed with error: Traceback (most recent call last):
  File "C:\Users\prasa\Downloads\assignproject\env\Lib\site-packages\pandasai\pipelines\chat\code_execution.py", line 85, in execute
    result = self.execute_code(code_to_run, code_context)
             ^^^^^^^^^^^^^^^^^^^^^^^^^^^^^^^^^^^^^^^^^^^^
  File "C:\Users\prasa\Downloads\assignproject\env\Lib\site-packages\pandasai\pipelines\chat\code_execution.py", line 171, in execute_code
    exec(code, environment)
  File "<string>", line 5, in <module>
  File "C:\Users\prasa\Downloads\assignproject\env\Lib\site-packages\pandasai\safe_libs\base_restricted_module.py", line 13, in wrapper
    return func(*args, **kwargs)
           ^^^^^^^^^^^^^^^^^^^^^
  File "C:\Users\prasa\Downloads\assignproject\env\Lib\site-packages\matplotlib\pyplot.py", line 3440, in hist
    return gca().hist(
           ^^^^^^^^^^^
  File "C:\Users\prasa\Downloads\assignproject\env\Lib\site-packages\matplotlib\__init__.py", line 1476, in inner
    return func(
           ^^^^^
  File "C:\Users\prasa\Downloads\assignproject\env\Lib\site-packages\matplotlib\axes\_axes.py", line 7001, in hist
    m, bins = np.histogram(x[i], bins, weights=w[i], **hist_kwargs)
              ^^^^^^^^^^^^^^^^^^^^^^^^^^^^^^^^^^^^^^^^^^^^^^^^^^^^^
  File "C:\Users\prasa\Downloads\assignproject\env\Lib\site-packages\numpy\lib\_histograms_impl.py", line 796, in histogram
    bin_edges, uniform_bins = _get_bin_edges(a, bins, range, weights)
                              ^^^^^^^^^^^^^^^^^^^^^^^^^^^^^^^^^^^^^^^
  File "C:\Users\prasa\Downloads\assignproject\env\Lib\site-packages\numpy\lib\_histograms_impl.py", line 434, in _get_bin_edges
    raise ValueError(
ValueError: `bins` must increase monotonically, when an array

2024-12-12 23:44:12 [WARNING] Failed to execute code retrying with a correction framework [retry number: 1]
2024-12-12 23:44:12 [INFO] Executing Pipeline: ErrorCorrectionPipeline
2024-12-12 23:44:12 [INFO] Executing Step 0: ErrorPromptGeneration
2024-12-12 23:44:12 [INFO] Using prompt: <dataframe>
dfs[0]:2823x25
ORDERNUMBER,QUANTITYORDERED,PRICEEACH,ORDERLINENUMBER,SALES,ORDERDATE,STATUS,QTR_ID,MONTH_ID,YEAR_ID,PRODUCTLINE,MSRP,PRODUCTCODE,CUSTOMERNAME,PHONE,ADDRESSLINE1,ADDRESSLINE2,CITY,STATE,POSTALCODE,COUNTRY,TERRITORY,CONTACTLASTNAME,CONTACTFIRSTNAME,DEALSIZE
10424,35,43.7,1,733.11,10/17/2003 0:00,In Process,1,10,2005,Trucks and Buses,44,S18_1342,Amica Models & Co.,07-98 9555,5677 Strong St.,2nd Floor,New Haven,Quebec,WX1 6LT,Finland,Japan,Cruz,Sean,Medium
10343,18,52.14,10,4891.68,4/16/2003 0:00,Disputed,2,6,2003,Trains,65,S700_2610,"Norway Gifts By Mail, Co.",03 9520 4555,Kirchgasse 6,Level 15,Nantes,,62005,USA,,Shimamura,Paul,Small
10413,24,80.34,15,3338.1,10/18/2003 0:00,Shipped,3,7,2004,Classic Cars,132,S12_1108,"Dragon Souveniers, Ltd.",6035558647,35 King George,,Makati City,NJ,,Austria,APAC,Barajas,Eric,Large
</dataframe>


The user asked the following question:
### QUERY
 how many ships have been sold and generate a histgram on the areas it was shipped to

You generated this python code:
ships_df = dfs[0]
shipped_ships_df = ships_df[ships_df['STATUS'] == 'Shipped']
num_ships_sold = len(shipped_ships_df)
countries = shipped_ships_df['COUNTRY']
plt.hist(countries, bins=[f'{country}' for country in set(countries)])
plt.xlabel('Country')
plt.ylabel('Count')
plt.title('Countries where ships were shipped')
plt.savefig('C:/Users/prasa/Downloads/assignproject/exports/charts/temp_chart.png')
result = {'type': 'dict', 'value': {'total_ships_sold': num_ships_sold, 'ship_countrie_histogram': 'C:/Users/prasa/Downloads/assignproject/exports/charts/temp_chart.png'}}
print(result)

It fails with the following error:
Traceback (most recent call last):
  File "C:\Users\prasa\Downloads\assignproject\env\Lib\site-packages\pandasai\pipelines\chat\code_execution.py", line 85, in execute
    result = self.execute_code(code_to_run, code_context)
             ^^^^^^^^^^^^^^^^^^^^^^^^^^^^^^^^^^^^^^^^^^^^
  File "C:\Users\prasa\Downloads\assignproject\env\Lib\site-packages\pandasai\pipelines\chat\code_execution.py", line 171, in execute_code
    exec(code, environment)
  File "<string>", line 5, in <module>
  File "C:\Users\prasa\Downloads\assignproject\env\Lib\site-packages\pandasai\safe_libs\base_restricted_module.py", line 13, in wrapper
    return func(*args, **kwargs)
           ^^^^^^^^^^^^^^^^^^^^^
  File "C:\Users\prasa\Downloads\assignproject\env\Lib\site-packages\matplotlib\pyplot.py", line 3440, in hist
    return gca().hist(
           ^^^^^^^^^^^
  File "C:\Users\prasa\Downloads\assignproject\env\Lib\site-packages\matplotlib\__init__.py", line 1476, in inner
    return func(
           ^^^^^
  File "C:\Users\prasa\Downloads\assignproject\env\Lib\site-packages\matplotlib\axes\_axes.py", line 7001, in hist
    m, bins = np.histogram(x[i], bins, weights=w[i], **hist_kwargs)
              ^^^^^^^^^^^^^^^^^^^^^^^^^^^^^^^^^^^^^^^^^^^^^^^^^^^^^
  File "C:\Users\prasa\Downloads\assignproject\env\Lib\site-packages\numpy\lib\_histograms_impl.py", line 796, in histogram
    bin_edges, uniform_bins = _get_bin_edges(a, bins, range, weights)
                              ^^^^^^^^^^^^^^^^^^^^^^^^^^^^^^^^^^^^^^^
  File "C:\Users\prasa\Downloads\assignproject\env\Lib\site-packages\numpy\lib\_histograms_impl.py", line 434, in _get_bin_edges
    raise ValueError(
ValueError: `bins` must increase monotonically, when an array


Fix the python code above and return the new python code:
2024-12-12 23:44:12 [INFO] Executing Step 1: CodeGenerator
2024-12-12 23:45:08 [INFO] Question: how many ships have been sold and generate a histogram on the areas it was shipped to country wise
2024-12-12 23:45:08 [INFO] Running PandasAI with local LLM...
2024-12-12 23:45:08 [INFO] Prompt ID: 7795718b-7d30-440a-a2d6-c8f044eebf8c
2024-12-12 23:45:08 [INFO] Executing Pipeline: GenerateChatPipeline
2024-12-12 23:45:08 [INFO] Executing Step 0: ValidatePipelineInput
2024-12-12 23:45:08 [INFO] Executing Step 1: CacheLookup
2024-12-12 23:45:08 [INFO] Executing Step 2: PromptGeneration
2024-12-12 23:45:09 [INFO] Using prompt: <dataframe>
dfs[0]:2823x25
ORDERNUMBER,QUANTITYORDERED,PRICEEACH,ORDERLINENUMBER,SALES,ORDERDATE,STATUS,QTR_ID,MONTH_ID,YEAR_ID,PRODUCTLINE,MSRP,PRODUCTCODE,CUSTOMERNAME,PHONE,ADDRESSLINE1,ADDRESSLINE2,CITY,STATE,POSTALCODE,COUNTRY,TERRITORY,CONTACTLASTNAME,CONTACTFIRSTNAME,DEALSIZE
10127,56,68.34,8,2009.2,2/10/2005 0:00,In Process,2,3,2003,Ships,73,S700_2610,CAF Imports,26.47.1555,5557 North Pendale Street,Floor No. 4,Gensve,Tokyo,,Canada,EMEA,Karttunen,Jan,Medium
10185,35,76.93,2,3494.94,10/15/2004 0:00,Shipped,4,10,2004,Vintage Cars,151,S12_1099,"Oulu Toy Supplies, Inc.",(1) 42.34.2555,7734 Strong St.,Suite 750,Lule,CA,97562,Denmark,,Oeztan,Jose Pedro,Small
10177,31,82.4,18,4038.21,9/16/2004 0:00,Cancelled,3,6,2005,Classic Cars,35,S24_2841,Motor Mint Distributors Inc.,40.67.8555,361 Furth Circle,,Vancouver,,91217,Japan,Japan,Hirano,Ann,Large
</dataframe>




Update this initial code:
```python
# TODO: import the required dependencies
import pandas as pd

# Write code here

# Declare result var: 
type (possible values "string", "number", "dataframe", "plot"). Examples: { "type": "string", "value": f"The highest salary is {highest_salary}." } or { "type": "number", "value": 125 } or { "type": "dataframe", "value": pd.DataFrame({...}) } or { "type": "plot", "value": "temp_chart.png" }

```



### QUERY
 how many ships have been sold and generate a histogram on the areas it was shipped to country wise

Variable `dfs: list[pd.DataFrame]` is already declared.

At the end, declare "result" variable as a dictionary of type and value.

If you are asked to plot a chart, use "matplotlib" for charts, save as png.


Generate python code and return full updated code:
2024-12-12 23:45:09 [INFO] Executing Step 3: CodeGenerator
2024-12-12 23:46:44 [INFO] HTTP Request: POST http://localhost:11434/v1/chat/completions "HTTP/1.1 200 OK"
2024-12-12 23:46:44 [INFO] Prompt used:
            <dataframe>
dfs[0]:2823x25
ORDERNUMBER,QUANTITYORDERED,PRICEEACH,ORDERLINENUMBER,SALES,ORDERDATE,STATUS,QTR_ID,MONTH_ID,YEAR_ID,PRODUCTLINE,MSRP,PRODUCTCODE,CUSTOMERNAME,PHONE,ADDRESSLINE1,ADDRESSLINE2,CITY,STATE,POSTALCODE,COUNTRY,TERRITORY,CONTACTLASTNAME,CONTACTFIRSTNAME,DEALSIZE
10424,35,43.7,1,733.11,10/17/2003 0:00,In Process,1,10,2005,Trucks and Buses,44,S18_1342,Amica Models & Co.,07-98 9555,5677 Strong St.,2nd Floor,New Haven,Quebec,WX1 6LT,Finland,Japan,Cruz,Sean,Medium
10343,18,52.14,10,4891.68,4/16/2003 0:00,Disputed,2,6,2003,Trains,65,S700_2610,"Norway Gifts By Mail, Co.",03 9520 4555,Kirchgasse 6,Level 15,Nantes,,62005,USA,,Shimamura,Paul,Small
10413,24,80.34,15,3338.1,10/18/2003 0:00,Shipped,3,7,2004,Classic Cars,132,S12_1108,"Dragon Souveniers, Ltd.",6035558647,35 King George,,Makati City,NJ,,Austria,APAC,Barajas,Eric,Large
</dataframe>


The user asked the following question:
### QUERY
 how many ships have been sold and generate a histgram on the areas it was shipped to

You generated this python code:
ships_df = dfs[0]
shipped_ships_df = ships_df[ships_df['STATUS'] == 'Shipped']
num_ships_sold = len(shipped_ships_df)
countries = shipped_ships_df['COUNTRY']
plt.hist(countries, bins=[f'{country}' for country in set(countries)])
plt.xlabel('Country')
plt.ylabel('Count')
plt.title('Countries where ships were shipped')
plt.savefig('C:/Users/prasa/Downloads/assignproject/exports/charts/temp_chart.png')
result = {'type': 'dict', 'value': {'total_ships_sold': num_ships_sold, 'ship_countrie_histogram': 'C:/Users/prasa/Downloads/assignproject/exports/charts/temp_chart.png'}}
print(result)

It fails with the following error:
Traceback (most recent call last):
  File "C:\Users\prasa\Downloads\assignproject\env\Lib\site-packages\pandasai\pipelines\chat\code_execution.py", line 85, in execute
    result = self.execute_code(code_to_run, code_context)
             ^^^^^^^^^^^^^^^^^^^^^^^^^^^^^^^^^^^^^^^^^^^^
  File "C:\Users\prasa\Downloads\assignproject\env\Lib\site-packages\pandasai\pipelines\chat\code_execution.py", line 171, in execute_code
    exec(code, environment)
  File "<string>", line 5, in <module>
  File "C:\Users\prasa\Downloads\assignproject\env\Lib\site-packages\pandasai\safe_libs\base_restricted_module.py", line 13, in wrapper
    return func(*args, **kwargs)
           ^^^^^^^^^^^^^^^^^^^^^
  File "C:\Users\prasa\Downloads\assignproject\env\Lib\site-packages\matplotlib\pyplot.py", line 3440, in hist
    return gca().hist(
           ^^^^^^^^^^^
  File "C:\Users\prasa\Downloads\assignproject\env\Lib\site-packages\matplotlib\__init__.py", line 1476, in inner
    return func(
           ^^^^^
  File "C:\Users\prasa\Downloads\assignproject\env\Lib\site-packages\matplotlib\axes\_axes.py", line 7001, in hist
    m, bins = np.histogram(x[i], bins, weights=w[i], **hist_kwargs)
              ^^^^^^^^^^^^^^^^^^^^^^^^^^^^^^^^^^^^^^^^^^^^^^^^^^^^^
  File "C:\Users\prasa\Downloads\assignproject\env\Lib\site-packages\numpy\lib\_histograms_impl.py", line 796, in histogram
    bin_edges, uniform_bins = _get_bin_edges(a, bins, range, weights)
                              ^^^^^^^^^^^^^^^^^^^^^^^^^^^^^^^^^^^^^^^
  File "C:\Users\prasa\Downloads\assignproject\env\Lib\site-packages\numpy\lib\_histograms_impl.py", line 434, in _get_bin_edges
    raise ValueError(
ValueError: `bins` must increase monotonically, when an array


Fix the python code above and return the new python code:
            
2024-12-12 23:46:44 [INFO] Code generated:
            ```
            plt.hist(countries, bins=[f'{country}' for country in set(countries)])
            ```
            
2024-12-12 23:46:44 [INFO] Executing Step 2: CodeCleaning
2024-12-12 23:46:44 [INFO] 
Code running:
```
plt.hist(countries, bins=[f'{country}' for country in set(countries)])
        ```
2024-12-12 23:46:44 [ERROR] Failed with error: Traceback (most recent call last):
  File "C:\Users\prasa\Downloads\assignproject\env\Lib\site-packages\pandasai\pipelines\chat\code_execution.py", line 85, in execute
    result = self.execute_code(code_to_run, code_context)
             ^^^^^^^^^^^^^^^^^^^^^^^^^^^^^^^^^^^^^^^^^^^^
  File "C:\Users\prasa\Downloads\assignproject\env\Lib\site-packages\pandasai\pipelines\chat\code_execution.py", line 171, in execute_code
    exec(code, environment)
  File "<string>", line 1, in <module>
NameError: name 'countries' is not defined

2024-12-12 23:46:44 [WARNING] Failed to execute code retrying with a correction framework [retry number: 2]
2024-12-12 23:46:44 [INFO] Executing Pipeline: ErrorCorrectionPipeline
2024-12-12 23:46:44 [INFO] Executing Step 0: ErrorPromptGeneration
2024-12-12 23:46:44 [INFO] Using prompt: <dataframe>
dfs[0]:2823x25
ORDERNUMBER,QUANTITYORDERED,PRICEEACH,ORDERLINENUMBER,SALES,ORDERDATE,STATUS,QTR_ID,MONTH_ID,YEAR_ID,PRODUCTLINE,MSRP,PRODUCTCODE,CUSTOMERNAME,PHONE,ADDRESSLINE1,ADDRESSLINE2,CITY,STATE,POSTALCODE,COUNTRY,TERRITORY,CONTACTLASTNAME,CONTACTFIRSTNAME,DEALSIZE
10424,35,43.7,1,733.11,10/17/2003 0:00,In Process,1,10,2005,Trucks and Buses,44,S18_1342,Amica Models & Co.,07-98 9555,5677 Strong St.,2nd Floor,New Haven,Quebec,WX1 6LT,Finland,Japan,Cruz,Sean,Medium
10343,18,52.14,10,4891.68,4/16/2003 0:00,Disputed,2,6,2003,Trains,65,S700_2610,"Norway Gifts By Mail, Co.",03 9520 4555,Kirchgasse 6,Level 15,Nantes,,62005,USA,,Shimamura,Paul,Small
10413,24,80.34,15,3338.1,10/18/2003 0:00,Shipped,3,7,2004,Classic Cars,132,S12_1108,"Dragon Souveniers, Ltd.",6035558647,35 King George,,Makati City,NJ,,Austria,APAC,Barajas,Eric,Large
</dataframe>


The user asked the following question:
### QUERY
 how many ships have been sold and generate a histgram on the areas it was shipped to

You generated this python code:
plt.hist(countries, bins=[f'{country}' for country in set(countries)])

It fails with the following error:
Traceback (most recent call last):
  File "C:\Users\prasa\Downloads\assignproject\env\Lib\site-packages\pandasai\pipelines\chat\code_execution.py", line 85, in execute
    result = self.execute_code(code_to_run, code_context)
             ^^^^^^^^^^^^^^^^^^^^^^^^^^^^^^^^^^^^^^^^^^^^
  File "C:\Users\prasa\Downloads\assignproject\env\Lib\site-packages\pandasai\pipelines\chat\code_execution.py", line 171, in execute_code
    exec(code, environment)
  File "<string>", line 1, in <module>
NameError: name 'countries' is not defined


Fix the python code above and return the new python code:
2024-12-12 23:46:44 [INFO] Executing Step 1: CodeGenerator
2024-12-12 23:49:37 [INFO] HTTP Request: POST http://localhost:11434/v1/chat/completions "HTTP/1.1 200 OK"
2024-12-12 23:49:37 [INFO] Prompt used:
            <dataframe>
dfs[0]:2823x25
ORDERNUMBER,QUANTITYORDERED,PRICEEACH,ORDERLINENUMBER,SALES,ORDERDATE,STATUS,QTR_ID,MONTH_ID,YEAR_ID,PRODUCTLINE,MSRP,PRODUCTCODE,CUSTOMERNAME,PHONE,ADDRESSLINE1,ADDRESSLINE2,CITY,STATE,POSTALCODE,COUNTRY,TERRITORY,CONTACTLASTNAME,CONTACTFIRSTNAME,DEALSIZE
10127,56,68.34,8,2009.2,2/10/2005 0:00,In Process,2,3,2003,Ships,73,S700_2610,CAF Imports,26.47.1555,5557 North Pendale Street,Floor No. 4,Gensve,Tokyo,,Canada,EMEA,Karttunen,Jan,Medium
10185,35,76.93,2,3494.94,10/15/2004 0:00,Shipped,4,10,2004,Vintage Cars,151,S12_1099,"Oulu Toy Supplies, Inc.",(1) 42.34.2555,7734 Strong St.,Suite 750,Lule,CA,97562,Denmark,,Oeztan,Jose Pedro,Small
10177,31,82.4,18,4038.21,9/16/2004 0:00,Cancelled,3,6,2005,Classic Cars,35,S24_2841,Motor Mint Distributors Inc.,40.67.8555,361 Furth Circle,,Vancouver,,91217,Japan,Japan,Hirano,Ann,Large
</dataframe>




Update this initial code:
```python
# TODO: import the required dependencies
import pandas as pd

# Write code here

# Declare result var: 
type (possible values "string", "number", "dataframe", "plot"). Examples: { "type": "string", "value": f"The highest salary is {highest_salary}." } or { "type": "number", "value": 125 } or { "type": "dataframe", "value": pd.DataFrame({...}) } or { "type": "plot", "value": "temp_chart.png" }

```



### QUERY
 how many ships have been sold and generate a histogram on the areas it was shipped to country wise

Variable `dfs: list[pd.DataFrame]` is already declared.

At the end, declare "result" variable as a dictionary of type and value.

If you are asked to plot a chart, use "matplotlib" for charts, save as png.


Generate python code and return full updated code:
            
2024-12-12 23:49:38 [INFO] Code generated:
            ```
            # Import libraries needed for data manipulation and visualization
import pandas as pd
import matplotlib.pyplot as plt
from collections import Counter

# Initialize variables to store the total sales, countries and sales by country
total_sales = 0
countries = {}
sales_by_country = []

# Iterate over each DataFrame in dfs, extracting relevant information
for df in dfs:
    # Update total sales
    total_sales += len(df)
    
    # Extract values from the DataFrame
    for index, row in df.iterrows():
        country = row['Country']
        
        # Count and store the sales by country
        if country in countries:
            countries[country] += 1
        else:
            countries[country] = 1
        
        # Record the sales value of each category
        sales_by_country.append(countries.get(country, 0))

# Generate a histogram to show where these ships were shipped
plt.bar(*zip(*Counter(sales_by_country).most_common()))
plt.xlabel('Country')
plt.ylabel('Number of Ships Shipped')
plt.title('Ships Sold by Country')
plt.savefig('ships_sold.pdf')

# Report the total sales and top countries
result = {
    "type": "dictionary",
    "value": {
        "total_sales": total_sales,
        "top_countries": sorted(countries.items(), key=lambda x: x[1], reverse=True)[:5]
    }
}
            ```
            
2024-12-12 23:49:39 [INFO] Executing Step 4: CachePopulation
2024-12-12 23:49:40 [INFO] Executing Step 5: CodeCleaning
2024-12-12 23:49:41 [INFO] Executing Pipeline: ErrorCorrectionPipeline
2024-12-12 23:49:41 [INFO] Executing Step 0: ErrorPromptGeneration
2024-12-12 23:49:41 [INFO] Using prompt: <dataframe>
dfs[0]:2823x25
ORDERNUMBER,QUANTITYORDERED,PRICEEACH,ORDERLINENUMBER,SALES,ORDERDATE,STATUS,QTR_ID,MONTH_ID,YEAR_ID,PRODUCTLINE,MSRP,PRODUCTCODE,CUSTOMERNAME,PHONE,ADDRESSLINE1,ADDRESSLINE2,CITY,STATE,POSTALCODE,COUNTRY,TERRITORY,CONTACTLASTNAME,CONTACTFIRSTNAME,DEALSIZE
10127,56,68.34,8,2009.2,2/10/2005 0:00,In Process,2,3,2003,Ships,73,S700_2610,CAF Imports,26.47.1555,5557 North Pendale Street,Floor No. 4,Gensve,Tokyo,,Canada,EMEA,Karttunen,Jan,Medium
10185,35,76.93,2,3494.94,10/15/2004 0:00,Shipped,4,10,2004,Vintage Cars,151,S12_1099,"Oulu Toy Supplies, Inc.",(1) 42.34.2555,7734 Strong St.,Suite 750,Lule,CA,97562,Denmark,,Oeztan,Jose Pedro,Small
10177,31,82.4,18,4038.21,9/16/2004 0:00,Cancelled,3,6,2005,Classic Cars,35,S24_2841,Motor Mint Distributors Inc.,40.67.8555,361 Furth Circle,,Vancouver,,91217,Japan,Japan,Hirano,Ann,Large
</dataframe>


The user asked the following question:
### QUERY
 how many ships have been sold and generate a histogram on the areas it was shipped to country wise

You generated this python code:
# Import libraries needed for data manipulation and visualization
import pandas as pd
import matplotlib.pyplot as plt
from collections import Counter

# Initialize variables to store the total sales, countries and sales by country
total_sales = 0
countries = {}
sales_by_country = []

# Iterate over each DataFrame in dfs, extracting relevant information
for df in dfs:
    # Update total sales
    total_sales += len(df)
    
    # Extract values from the DataFrame
    for index, row in df.iterrows():
        country = row['Country']
        
        # Count and store the sales by country
        if country in countries:
            countries[country] += 1
        else:
            countries[country] = 1
        
        # Record the sales value of each category
        sales_by_country.append(countries.get(country, 0))

# Generate a histogram to show where these ships were shipped
plt.bar(*zip(*Counter(sales_by_country).most_common()))
plt.xlabel('Country')
plt.ylabel('Number of Ships Shipped')
plt.title('Ships Sold by Country')
plt.savefig('ships_sold.pdf')

# Report the total sales and top countries
result = {
    "type": "dictionary",
    "value": {
        "total_sales": total_sales,
        "top_countries": sorted(countries.items(), key=lambda x: x[1], reverse=True)[:5]
    }
}

It fails with the following error:
Traceback (most recent call last):
  File "C:\Users\prasa\Downloads\assignproject\env\Lib\site-packages\pandasai\pipelines\chat\code_cleaning.py", line 95, in execute
    code_to_run = self.get_code_to_run(input, code_context)
                  ^^^^^^^^^^^^^^^^^^^^^^^^^^^^^^^^^^^^^^^^^
  File "C:\Users\prasa\Downloads\assignproject\env\Lib\site-packages\pandasai\pipelines\chat\code_cleaning.py", line 152, in get_code_to_run
    code_to_run = self._clean_code(code, context)
                  ^^^^^^^^^^^^^^^^^^^^^^^^^^^^^^^
  File "C:\Users\prasa\Downloads\assignproject\env\Lib\site-packages\pandasai\pipelines\chat\code_cleaning.py", line 543, in _clean_code
    self._check_imports(node)
  File "C:\Users\prasa\Downloads\assignproject\env\Lib\site-packages\pandasai\pipelines\chat\code_cleaning.py", line 641, in _check_imports
    raise BadImportError(
pandasai.exceptions.BadImportError: Generated code includes import of The library 'collections' is not in the list of whitelisted libraries. To learn how to whitelist custom dependencies, visit: https://docs.pandas-ai.com/custom-whitelisted-dependencies#custom-whitelisted-dependencies which is not in whitelist.


Fix the python code above and return the new python code:
2024-12-12 23:49:45 [INFO] Executing Step 1: CodeGenerator
2024-12-12 23:51:03 [INFO] Question: generate a histogram on the items shipped country wise
2024-12-12 23:51:03 [INFO] Running PandasAI with local LLM...
2024-12-12 23:51:03 [INFO] Prompt ID: b4b8625c-2b01-4329-afe9-787f87863f63
2024-12-12 23:51:03 [INFO] Executing Pipeline: GenerateChatPipeline
2024-12-12 23:51:03 [INFO] Executing Step 0: ValidatePipelineInput
2024-12-12 23:51:03 [INFO] Executing Step 1: CacheLookup
2024-12-12 23:51:03 [INFO] Executing Step 2: PromptGeneration
2024-12-12 23:51:04 [INFO] Using prompt: <dataframe>
dfs[0]:2823x25
ORDERNUMBER,QUANTITYORDERED,PRICEEACH,ORDERLINENUMBER,SALES,ORDERDATE,STATUS,QTR_ID,MONTH_ID,YEAR_ID,PRODUCTLINE,MSRP,PRODUCTCODE,CUSTOMERNAME,PHONE,ADDRESSLINE1,ADDRESSLINE2,CITY,STATE,POSTALCODE,COUNTRY,TERRITORY,CONTACTLASTNAME,CONTACTFIRSTNAME,DEALSIZE
10367,26,30.59,11,2544.75,1/15/2004 0:00,Disputed,2,1,2004,Classic Cars,77,S24_3371,Microscale Inc.,3491244438,Vinb'ltet 34,Floor No. 4,New Bedford,NSW,62005,Belgium,Japan,Victorino,Matti,Medium
10267,30,49.04,2,2312.24,5/8/2004 0:00,On Hold,4,9,2005,Planes,132,S72_3212,Land of Toys Inc.,8187683401,5905 Pompton St.,,Lule,,,Philippines,,Schmitt,Paul,Small
10201,32,69.7,3,5512.32,11/10/2004 0:00,Resolved,1,7,2003,Ships,105,S700_2610,"Oulu Toy Supplies, Inc.",4564182340,"Rambla de Catalua, 23",Suite 750,Charleroi,CT,90003,Italy,APAC,Natividad,Diego,Large
</dataframe>




Update this initial code:
```python
# TODO: import the required dependencies
import pandas as pd

# Write code here

# Declare result var: 
type (possible values "string", "number", "dataframe", "plot"). Examples: { "type": "string", "value": f"The highest salary is {highest_salary}." } or { "type": "number", "value": 125 } or { "type": "dataframe", "value": pd.DataFrame({...}) } or { "type": "plot", "value": "temp_chart.png" }

```



### QUERY
 generate a histogram on the items shipped country wise

Variable `dfs: list[pd.DataFrame]` is already declared.

At the end, declare "result" variable as a dictionary of type and value.

If you are asked to plot a chart, use "matplotlib" for charts, save as png.


Generate python code and return full updated code:
2024-12-12 23:51:04 [INFO] Executing Step 3: CodeGenerator
2024-12-12 23:51:24 [INFO] HTTP Request: POST http://localhost:11434/v1/chat/completions "HTTP/1.1 200 OK"
2024-12-12 23:51:24 [INFO] Prompt used:
            <dataframe>
dfs[0]:2823x25
ORDERNUMBER,QUANTITYORDERED,PRICEEACH,ORDERLINENUMBER,SALES,ORDERDATE,STATUS,QTR_ID,MONTH_ID,YEAR_ID,PRODUCTLINE,MSRP,PRODUCTCODE,CUSTOMERNAME,PHONE,ADDRESSLINE1,ADDRESSLINE2,CITY,STATE,POSTALCODE,COUNTRY,TERRITORY,CONTACTLASTNAME,CONTACTFIRSTNAME,DEALSIZE
10424,35,43.7,1,733.11,10/17/2003 0:00,In Process,1,10,2005,Trucks and Buses,44,S18_1342,Amica Models & Co.,07-98 9555,5677 Strong St.,2nd Floor,New Haven,Quebec,WX1 6LT,Finland,Japan,Cruz,Sean,Medium
10343,18,52.14,10,4891.68,4/16/2003 0:00,Disputed,2,6,2003,Trains,65,S700_2610,"Norway Gifts By Mail, Co.",03 9520 4555,Kirchgasse 6,Level 15,Nantes,,62005,USA,,Shimamura,Paul,Small
10413,24,80.34,15,3338.1,10/18/2003 0:00,Shipped,3,7,2004,Classic Cars,132,S12_1108,"Dragon Souveniers, Ltd.",6035558647,35 King George,,Makati City,NJ,,Austria,APAC,Barajas,Eric,Large
</dataframe>


The user asked the following question:
### QUERY
 how many ships have been sold and generate a histgram on the areas it was shipped to

You generated this python code:
plt.hist(countries, bins=[f'{country}' for country in set(countries)])

It fails with the following error:
Traceback (most recent call last):
  File "C:\Users\prasa\Downloads\assignproject\env\Lib\site-packages\pandasai\pipelines\chat\code_execution.py", line 85, in execute
    result = self.execute_code(code_to_run, code_context)
             ^^^^^^^^^^^^^^^^^^^^^^^^^^^^^^^^^^^^^^^^^^^^
  File "C:\Users\prasa\Downloads\assignproject\env\Lib\site-packages\pandasai\pipelines\chat\code_execution.py", line 171, in execute_code
    exec(code, environment)
  File "<string>", line 1, in <module>
NameError: name 'countries' is not defined


Fix the python code above and return the new python code:
            
2024-12-12 23:51:24 [INFO] Code generated:
            ```
            import pandas as pd
import matplotlib.pyplot as plt

# Assuming your dataframe is stored in 'df'
counts = df['POSTALCODE'].value_counts()

plt.bar(counts.index, counts.values)
plt.xlabel('Areas')
plt.ylabel('Counts')
plt.title('Shipments to Different Areas')

print("Number of shipments sold:", len(counts))
            ```
            
2024-12-12 23:51:24 [INFO] Executing Step 2: CodeCleaning
2024-12-12 23:51:24 [INFO] 
Code running:
```
counts = df['POSTALCODE'].value_counts()
plt.bar(counts.index, counts.values)
plt.xlabel('Areas')
plt.ylabel('Counts')
plt.title('Shipments to Different Areas')
print('Number of shipments sold:', len(counts))
        ```
2024-12-12 23:51:24 [ERROR] Failed with error: Traceback (most recent call last):
  File "C:\Users\prasa\Downloads\assignproject\env\Lib\site-packages\pandasai\pipelines\chat\code_execution.py", line 85, in execute
    result = self.execute_code(code_to_run, code_context)
             ^^^^^^^^^^^^^^^^^^^^^^^^^^^^^^^^^^^^^^^^^^^^
  File "C:\Users\prasa\Downloads\assignproject\env\Lib\site-packages\pandasai\pipelines\chat\code_execution.py", line 171, in execute_code
    exec(code, environment)
  File "<string>", line 1, in <module>
TypeError: 'NoneType' object is not subscriptable

2024-12-12 23:51:24 [WARNING] Failed to execute code retrying with a correction framework [retry number: 3]
2024-12-12 23:51:24 [INFO] Executing Pipeline: ErrorCorrectionPipeline
2024-12-12 23:51:24 [INFO] Executing Step 0: ErrorPromptGeneration
2024-12-12 23:51:24 [INFO] Using prompt: <dataframe>
dfs[0]:2823x25
ORDERNUMBER,QUANTITYORDERED,PRICEEACH,ORDERLINENUMBER,SALES,ORDERDATE,STATUS,QTR_ID,MONTH_ID,YEAR_ID,PRODUCTLINE,MSRP,PRODUCTCODE,CUSTOMERNAME,PHONE,ADDRESSLINE1,ADDRESSLINE2,CITY,STATE,POSTALCODE,COUNTRY,TERRITORY,CONTACTLASTNAME,CONTACTFIRSTNAME,DEALSIZE
10424,35,43.7,1,733.11,10/17/2003 0:00,In Process,1,10,2005,Trucks and Buses,44,S18_1342,Amica Models & Co.,07-98 9555,5677 Strong St.,2nd Floor,New Haven,Quebec,WX1 6LT,Finland,Japan,Cruz,Sean,Medium
10343,18,52.14,10,4891.68,4/16/2003 0:00,Disputed,2,6,2003,Trains,65,S700_2610,"Norway Gifts By Mail, Co.",03 9520 4555,Kirchgasse 6,Level 15,Nantes,,62005,USA,,Shimamura,Paul,Small
10413,24,80.34,15,3338.1,10/18/2003 0:00,Shipped,3,7,2004,Classic Cars,132,S12_1108,"Dragon Souveniers, Ltd.",6035558647,35 King George,,Makati City,NJ,,Austria,APAC,Barajas,Eric,Large
</dataframe>


The user asked the following question:
### QUERY
 how many ships have been sold and generate a histgram on the areas it was shipped to

You generated this python code:
counts = df['POSTALCODE'].value_counts()
plt.bar(counts.index, counts.values)
plt.xlabel('Areas')
plt.ylabel('Counts')
plt.title('Shipments to Different Areas')
print('Number of shipments sold:', len(counts))

It fails with the following error:
Traceback (most recent call last):
  File "C:\Users\prasa\Downloads\assignproject\env\Lib\site-packages\pandasai\pipelines\chat\code_execution.py", line 85, in execute
    result = self.execute_code(code_to_run, code_context)
             ^^^^^^^^^^^^^^^^^^^^^^^^^^^^^^^^^^^^^^^^^^^^
  File "C:\Users\prasa\Downloads\assignproject\env\Lib\site-packages\pandasai\pipelines\chat\code_execution.py", line 171, in execute_code
    exec(code, environment)
  File "<string>", line 1, in <module>
TypeError: 'NoneType' object is not subscriptable


Fix the python code above and return the new python code:
2024-12-12 23:51:24 [INFO] Executing Step 1: CodeGenerator
2024-12-12 23:55:15 [INFO] HTTP Request: POST http://localhost:11434/v1/chat/completions "HTTP/1.1 200 OK"
2024-12-12 23:55:15 [INFO] Prompt used:
            <dataframe>
dfs[0]:2823x25
ORDERNUMBER,QUANTITYORDERED,PRICEEACH,ORDERLINENUMBER,SALES,ORDERDATE,STATUS,QTR_ID,MONTH_ID,YEAR_ID,PRODUCTLINE,MSRP,PRODUCTCODE,CUSTOMERNAME,PHONE,ADDRESSLINE1,ADDRESSLINE2,CITY,STATE,POSTALCODE,COUNTRY,TERRITORY,CONTACTLASTNAME,CONTACTFIRSTNAME,DEALSIZE
10127,56,68.34,8,2009.2,2/10/2005 0:00,In Process,2,3,2003,Ships,73,S700_2610,CAF Imports,26.47.1555,5557 North Pendale Street,Floor No. 4,Gensve,Tokyo,,Canada,EMEA,Karttunen,Jan,Medium
10185,35,76.93,2,3494.94,10/15/2004 0:00,Shipped,4,10,2004,Vintage Cars,151,S12_1099,"Oulu Toy Supplies, Inc.",(1) 42.34.2555,7734 Strong St.,Suite 750,Lule,CA,97562,Denmark,,Oeztan,Jose Pedro,Small
10177,31,82.4,18,4038.21,9/16/2004 0:00,Cancelled,3,6,2005,Classic Cars,35,S24_2841,Motor Mint Distributors Inc.,40.67.8555,361 Furth Circle,,Vancouver,,91217,Japan,Japan,Hirano,Ann,Large
</dataframe>


The user asked the following question:
### QUERY
 how many ships have been sold and generate a histogram on the areas it was shipped to country wise

You generated this python code:
# Import libraries needed for data manipulation and visualization
import pandas as pd
import matplotlib.pyplot as plt
from collections import Counter

# Initialize variables to store the total sales, countries and sales by country
total_sales = 0
countries = {}
sales_by_country = []

# Iterate over each DataFrame in dfs, extracting relevant information
for df in dfs:
    # Update total sales
    total_sales += len(df)
    
    # Extract values from the DataFrame
    for index, row in df.iterrows():
        country = row['Country']
        
        # Count and store the sales by country
        if country in countries:
            countries[country] += 1
        else:
            countries[country] = 1
        
        # Record the sales value of each category
        sales_by_country.append(countries.get(country, 0))

# Generate a histogram to show where these ships were shipped
plt.bar(*zip(*Counter(sales_by_country).most_common()))
plt.xlabel('Country')
plt.ylabel('Number of Ships Shipped')
plt.title('Ships Sold by Country')
plt.savefig('ships_sold.pdf')

# Report the total sales and top countries
result = {
    "type": "dictionary",
    "value": {
        "total_sales": total_sales,
        "top_countries": sorted(countries.items(), key=lambda x: x[1], reverse=True)[:5]
    }
}

It fails with the following error:
Traceback (most recent call last):
  File "C:\Users\prasa\Downloads\assignproject\env\Lib\site-packages\pandasai\pipelines\chat\code_cleaning.py", line 95, in execute
    code_to_run = self.get_code_to_run(input, code_context)
                  ^^^^^^^^^^^^^^^^^^^^^^^^^^^^^^^^^^^^^^^^^
  File "C:\Users\prasa\Downloads\assignproject\env\Lib\site-packages\pandasai\pipelines\chat\code_cleaning.py", line 152, in get_code_to_run
    code_to_run = self._clean_code(code, context)
                  ^^^^^^^^^^^^^^^^^^^^^^^^^^^^^^^
  File "C:\Users\prasa\Downloads\assignproject\env\Lib\site-packages\pandasai\pipelines\chat\code_cleaning.py", line 543, in _clean_code
    self._check_imports(node)
  File "C:\Users\prasa\Downloads\assignproject\env\Lib\site-packages\pandasai\pipelines\chat\code_cleaning.py", line 641, in _check_imports
    raise BadImportError(
pandasai.exceptions.BadImportError: Generated code includes import of The library 'collections' is not in the list of whitelisted libraries. To learn how to whitelist custom dependencies, visit: https://docs.pandas-ai.com/custom-whitelisted-dependencies#custom-whitelisted-dependencies which is not in whitelist.


Fix the python code above and return the new python code:
            
2024-12-12 23:55:15 [INFO] Code generated:
            ```
            # Import libraries needed for data manipulation and visualization
import pandas as pd
import matplotlib.pyplot as plt

# Initialize variables to store the total sales, countries and sales by country
total_sales = 0
countries = {}
sales_by_country = []

# Iterate over each DataFrame in dfs, extracting relevant information
for df in dfs:
    # Update total sales
    total_sales += len(df)
    
    # Extract values from the DataFrame
    for index, row in df.iterrows():
        country = row['Country']
        
        # Count and store the sales by country
        if country in countries:
            countries[country] += 1
        else:
            countries[country] = 1
        
        # Record the sales value of each category
        sales_by_country.append(countries.get(country, 0))

# Generate a histogram to show where these ships were shipped
plt.hist(list(countries.values()), bins=[1, len(countries)], edgecolor='black')
plt.xlabel('Country')
plt.ylabel('Number of Ships Shipped')
plt.title('Ships Sold by Country')

# Report the total sales and top countries
result = {
    "type": "dictionary",
    "value": {
        "total_sales": total_sales,
        "top_countries": sorted(countries.items(), key=lambda x: x[1], reverse=True)[:5]
    }
}
            ```
            
2024-12-12 23:55:15 [INFO] Executing Step 2: CodeCleaning
2024-12-12 23:55:15 [INFO] 
Code running:
```
total_sales = 0
countries = {}
sales_by_country = []
for df in dfs:
    total_sales += len(df)
    for index, row in df.iterrows():
        country = row['Country']
        if country in countries:
            countries[country] += 1
        else:
            countries[country] = 1
        sales_by_country.append(countries.get(country, 0))
plt.hist(list(countries.values()), bins=[1, len(countries)], edgecolor='black')
plt.xlabel('Country')
plt.ylabel('Number of Ships Shipped')
plt.title('Ships Sold by Country')
result = {'type': 'dictionary', 'value': {'total_sales': total_sales, 'top_countries': sorted(countries.items(), key=lambda x: x[1], reverse=True)[:5]}}
        ```
2024-12-12 23:55:15 [INFO] Executing Step 6: CodeExecution
2024-12-12 23:55:16 [ERROR] Failed with error: Traceback (most recent call last):
  File "C:\Users\prasa\Downloads\assignproject\env\Lib\site-packages\pandas\core\indexes\base.py", line 3805, in get_loc
    return self._engine.get_loc(casted_key)
           ^^^^^^^^^^^^^^^^^^^^^^^^^^^^^^^^
  File "index.pyx", line 167, in pandas._libs.index.IndexEngine.get_loc
  File "index.pyx", line 196, in pandas._libs.index.IndexEngine.get_loc
  File "pandas\\_libs\\hashtable_class_helper.pxi", line 7081, in pandas._libs.hashtable.PyObjectHashTable.get_item
  File "pandas\\_libs\\hashtable_class_helper.pxi", line 7089, in pandas._libs.hashtable.PyObjectHashTable.get_item
KeyError: 'Country'

The above exception was the direct cause of the following exception:

Traceback (most recent call last):
  File "C:\Users\prasa\Downloads\assignproject\env\Lib\site-packages\pandasai\pipelines\chat\code_execution.py", line 85, in execute
    result = self.execute_code(code_to_run, code_context)
             ^^^^^^^^^^^^^^^^^^^^^^^^^^^^^^^^^^^^^^^^^^^^
  File "C:\Users\prasa\Downloads\assignproject\env\Lib\site-packages\pandasai\pipelines\chat\code_execution.py", line 171, in execute_code
    exec(code, environment)
  File "<string>", line 7, in <module>
  File "C:\Users\prasa\Downloads\assignproject\env\Lib\site-packages\pandas\core\series.py", line 1121, in __getitem__
    return self._get_value(key)
           ^^^^^^^^^^^^^^^^^^^^
  File "C:\Users\prasa\Downloads\assignproject\env\Lib\site-packages\pandas\core\series.py", line 1237, in _get_value
    loc = self.index.get_loc(label)
          ^^^^^^^^^^^^^^^^^^^^^^^^^
  File "C:\Users\prasa\Downloads\assignproject\env\Lib\site-packages\pandas\core\indexes\base.py", line 3812, in get_loc
    raise KeyError(key) from err
KeyError: 'Country'

2024-12-12 23:55:16 [WARNING] Failed to execute code retrying with a correction framework [retry number: 1]
2024-12-12 23:55:16 [INFO] Executing Pipeline: ErrorCorrectionPipeline
2024-12-12 23:55:16 [INFO] Executing Step 0: ErrorPromptGeneration
2024-12-12 23:55:16 [INFO] Using prompt: <dataframe>
dfs[0]:2823x25
ORDERNUMBER,QUANTITYORDERED,PRICEEACH,ORDERLINENUMBER,SALES,ORDERDATE,STATUS,QTR_ID,MONTH_ID,YEAR_ID,PRODUCTLINE,MSRP,PRODUCTCODE,CUSTOMERNAME,PHONE,ADDRESSLINE1,ADDRESSLINE2,CITY,STATE,POSTALCODE,COUNTRY,TERRITORY,CONTACTLASTNAME,CONTACTFIRSTNAME,DEALSIZE
10127,56,68.34,8,2009.2,2/10/2005 0:00,In Process,2,3,2003,Ships,73,S700_2610,CAF Imports,26.47.1555,5557 North Pendale Street,Floor No. 4,Gensve,Tokyo,,Canada,EMEA,Karttunen,Jan,Medium
10185,35,76.93,2,3494.94,10/15/2004 0:00,Shipped,4,10,2004,Vintage Cars,151,S12_1099,"Oulu Toy Supplies, Inc.",(1) 42.34.2555,7734 Strong St.,Suite 750,Lule,CA,97562,Denmark,,Oeztan,Jose Pedro,Small
10177,31,82.4,18,4038.21,9/16/2004 0:00,Cancelled,3,6,2005,Classic Cars,35,S24_2841,Motor Mint Distributors Inc.,40.67.8555,361 Furth Circle,,Vancouver,,91217,Japan,Japan,Hirano,Ann,Large
</dataframe>


The user asked the following question:
### QUERY
 how many ships have been sold and generate a histogram on the areas it was shipped to country wise

You generated this python code:
total_sales = 0
countries = {}
sales_by_country = []
for df in dfs:
    total_sales += len(df)
    for index, row in df.iterrows():
        country = row['Country']
        if country in countries:
            countries[country] += 1
        else:
            countries[country] = 1
        sales_by_country.append(countries.get(country, 0))
plt.hist(list(countries.values()), bins=[1, len(countries)], edgecolor='black')
plt.xlabel('Country')
plt.ylabel('Number of Ships Shipped')
plt.title('Ships Sold by Country')
result = {'type': 'dictionary', 'value': {'total_sales': total_sales, 'top_countries': sorted(countries.items(), key=lambda x: x[1], reverse=True)[:5]}}

It fails with the following error:
Traceback (most recent call last):
  File "C:\Users\prasa\Downloads\assignproject\env\Lib\site-packages\pandas\core\indexes\base.py", line 3805, in get_loc
    return self._engine.get_loc(casted_key)
           ^^^^^^^^^^^^^^^^^^^^^^^^^^^^^^^^
  File "index.pyx", line 167, in pandas._libs.index.IndexEngine.get_loc
  File "index.pyx", line 196, in pandas._libs.index.IndexEngine.get_loc
  File "pandas\\_libs\\hashtable_class_helper.pxi", line 7081, in pandas._libs.hashtable.PyObjectHashTable.get_item
  File "pandas\\_libs\\hashtable_class_helper.pxi", line 7089, in pandas._libs.hashtable.PyObjectHashTable.get_item
KeyError: 'Country'

The above exception was the direct cause of the following exception:

Traceback (most recent call last):
  File "C:\Users\prasa\Downloads\assignproject\env\Lib\site-packages\pandasai\pipelines\chat\code_execution.py", line 85, in execute
    result = self.execute_code(code_to_run, code_context)
             ^^^^^^^^^^^^^^^^^^^^^^^^^^^^^^^^^^^^^^^^^^^^
  File "C:\Users\prasa\Downloads\assignproject\env\Lib\site-packages\pandasai\pipelines\chat\code_execution.py", line 171, in execute_code
    exec(code, environment)
  File "<string>", line 7, in <module>
  File "C:\Users\prasa\Downloads\assignproject\env\Lib\site-packages\pandas\core\series.py", line 1121, in __getitem__
    return self._get_value(key)
           ^^^^^^^^^^^^^^^^^^^^
  File "C:\Users\prasa\Downloads\assignproject\env\Lib\site-packages\pandas\core\series.py", line 1237, in _get_value
    loc = self.index.get_loc(label)
          ^^^^^^^^^^^^^^^^^^^^^^^^^
  File "C:\Users\prasa\Downloads\assignproject\env\Lib\site-packages\pandas\core\indexes\base.py", line 3812, in get_loc
    raise KeyError(key) from err
KeyError: 'Country'


Fix the python code above and return the new python code:
2024-12-12 23:55:16 [INFO] Executing Step 1: CodeGenerator
2024-12-12 23:56:21 [INFO] HTTP Request: POST http://localhost:11434/v1/chat/completions "HTTP/1.1 200 OK"
2024-12-12 23:56:21 [INFO] Prompt used:
            <dataframe>
dfs[0]:2823x25
ORDERNUMBER,QUANTITYORDERED,PRICEEACH,ORDERLINENUMBER,SALES,ORDERDATE,STATUS,QTR_ID,MONTH_ID,YEAR_ID,PRODUCTLINE,MSRP,PRODUCTCODE,CUSTOMERNAME,PHONE,ADDRESSLINE1,ADDRESSLINE2,CITY,STATE,POSTALCODE,COUNTRY,TERRITORY,CONTACTLASTNAME,CONTACTFIRSTNAME,DEALSIZE
10367,26,30.59,11,2544.75,1/15/2004 0:00,Disputed,2,1,2004,Classic Cars,77,S24_3371,Microscale Inc.,3491244438,Vinb'ltet 34,Floor No. 4,New Bedford,NSW,62005,Belgium,Japan,Victorino,Matti,Medium
10267,30,49.04,2,2312.24,5/8/2004 0:00,On Hold,4,9,2005,Planes,132,S72_3212,Land of Toys Inc.,8187683401,5905 Pompton St.,,Lule,,,Philippines,,Schmitt,Paul,Small
10201,32,69.7,3,5512.32,11/10/2004 0:00,Resolved,1,7,2003,Ships,105,S700_2610,"Oulu Toy Supplies, Inc.",4564182340,"Rambla de Catalua, 23",Suite 750,Charleroi,CT,90003,Italy,APAC,Natividad,Diego,Large
</dataframe>




Update this initial code:
```python
# TODO: import the required dependencies
import pandas as pd

# Write code here

# Declare result var: 
type (possible values "string", "number", "dataframe", "plot"). Examples: { "type": "string", "value": f"The highest salary is {highest_salary}." } or { "type": "number", "value": 125 } or { "type": "dataframe", "value": pd.DataFrame({...}) } or { "type": "plot", "value": "temp_chart.png" }

```



### QUERY
 generate a histogram on the items shipped country wise

Variable `dfs: list[pd.DataFrame]` is already declared.

At the end, declare "result" variable as a dictionary of type and value.

If you are asked to plot a chart, use "matplotlib" for charts, save as png.


Generate python code and return full updated code:
            
2024-12-12 23:56:21 [INFO] Code generated:
            ```
            # TODO: import the required dependencies
import pandas as pd
import matplotlib.pyplot as plt


dfs = [...]  # declare this variable as necessary

# generate a histogram on the items shipped country wise
countries = dfs[0]['COUNTRY'].value_counts().reset_index()
countries.columns = ['country', 'count']
plt.figure(figsize=(10,6))
plt.hist(countries['country'], weights=countries['count'], bins=10)
plt.xlabel('Country')
plt.ylabel('Count of Items Shipped')
plt.title('Items Shipped Country Wise Histogram')
plt.savefig('items_shipped_histogram.png')  # save the histogram to a file

# Declare result var: 
result = {"type": "plot", "value": "items_shipped_histogram.png"}
            ```
            
2024-12-12 23:56:21 [INFO] Executing Step 4: CachePopulation
2024-12-12 23:56:21 [INFO] Executing Step 5: CodeCleaning
2024-12-12 23:56:21 [INFO] Saving charts to C:\Users\prasa\Downloads\assignproject\exports\charts\temp_chart.png
2024-12-12 23:56:21 [INFO] 
Code running:
```
countries = dfs[0]['COUNTRY'].value_counts().reset_index()
countries.columns = ['country', 'count']
plt.figure(figsize=(10, 6))
plt.hist(countries['country'], weights=countries['count'], bins=10)
plt.xlabel('Country')
plt.ylabel('Count of Items Shipped')
plt.title('Items Shipped Country Wise Histogram')
plt.savefig('C:/Users/prasa/Downloads/assignproject/exports/charts/temp_chart.png')
result = {'type': 'plot', 'value': 'C:/Users/prasa/Downloads/assignproject/exports/charts/temp_chart.png'}
        ```
2024-12-12 23:56:21 [INFO] Executing Step 6: CodeExecution
2024-12-12 23:56:22 [INFO] Executing Step 7: ResultValidation
2024-12-12 23:56:22 [INFO] Answer: {'type': 'plot', 'value': 'C:/Users/prasa/Downloads/assignproject/exports/charts/temp_chart.png'}
2024-12-12 23:56:22 [INFO] Executing Step 8: ResultParsing
2024-12-12 23:57:59 [INFO] HTTP Request: POST http://localhost:11434/v1/chat/completions "HTTP/1.1 200 OK"
2024-12-12 23:57:59 [INFO] Prompt used:
            <dataframe>
dfs[0]:2823x25
ORDERNUMBER,QUANTITYORDERED,PRICEEACH,ORDERLINENUMBER,SALES,ORDERDATE,STATUS,QTR_ID,MONTH_ID,YEAR_ID,PRODUCTLINE,MSRP,PRODUCTCODE,CUSTOMERNAME,PHONE,ADDRESSLINE1,ADDRESSLINE2,CITY,STATE,POSTALCODE,COUNTRY,TERRITORY,CONTACTLASTNAME,CONTACTFIRSTNAME,DEALSIZE
10424,35,43.7,1,733.11,10/17/2003 0:00,In Process,1,10,2005,Trucks and Buses,44,S18_1342,Amica Models & Co.,07-98 9555,5677 Strong St.,2nd Floor,New Haven,Quebec,WX1 6LT,Finland,Japan,Cruz,Sean,Medium
10343,18,52.14,10,4891.68,4/16/2003 0:00,Disputed,2,6,2003,Trains,65,S700_2610,"Norway Gifts By Mail, Co.",03 9520 4555,Kirchgasse 6,Level 15,Nantes,,62005,USA,,Shimamura,Paul,Small
10413,24,80.34,15,3338.1,10/18/2003 0:00,Shipped,3,7,2004,Classic Cars,132,S12_1108,"Dragon Souveniers, Ltd.",6035558647,35 King George,,Makati City,NJ,,Austria,APAC,Barajas,Eric,Large
</dataframe>


The user asked the following question:
### QUERY
 how many ships have been sold and generate a histgram on the areas it was shipped to

You generated this python code:
counts = df['POSTALCODE'].value_counts()
plt.bar(counts.index, counts.values)
plt.xlabel('Areas')
plt.ylabel('Counts')
plt.title('Shipments to Different Areas')
print('Number of shipments sold:', len(counts))

It fails with the following error:
Traceback (most recent call last):
  File "C:\Users\prasa\Downloads\assignproject\env\Lib\site-packages\pandasai\pipelines\chat\code_execution.py", line 85, in execute
    result = self.execute_code(code_to_run, code_context)
             ^^^^^^^^^^^^^^^^^^^^^^^^^^^^^^^^^^^^^^^^^^^^
  File "C:\Users\prasa\Downloads\assignproject\env\Lib\site-packages\pandasai\pipelines\chat\code_execution.py", line 171, in execute_code
    exec(code, environment)
  File "<string>", line 1, in <module>
TypeError: 'NoneType' object is not subscriptable


Fix the python code above and return the new python code:
            
2024-12-12 23:57:59 [INFO] Code generated:
            ```
            Python
import pandas as pd
import matplotlib.pyplot as plt

# If df is not already read from a CSV file or other data source,
# replace 'read_csv' with whatever function you're using to load your DataFrame.
df = pd.read_csv(filename)  # replace filename with the name of your .csv file.

shipping_areas = df['COUNTRY'].value_counts()
plt.bar(shipping_areas.index, shipping_areas.values)
plt.xlabel('Shipping Areas')
plt.ylabel('Counts')
plt.title('Shipments to Different Shipping Areas')
print('Number of shipments sold:', sum(df['QUANTITYORDERED']))
            ```
            
2024-12-12 23:57:59 [INFO] Executing Step 2: CodeCleaning
2024-12-12 23:57:59 [INFO] 
Code running:
```
Python
df = pd.read_csv(filename)
shipping_areas = df['COUNTRY'].value_counts()
plt.bar(shipping_areas.index, shipping_areas.values)
plt.xlabel('Shipping Areas')
plt.ylabel('Counts')
plt.title('Shipments to Different Shipping Areas')
print('Number of shipments sold:', sum(df['QUANTITYORDERED']))
        ```
2024-12-12 23:57:59 [ERROR] Failed with error: Traceback (most recent call last):
  File "C:\Users\prasa\Downloads\assignproject\env\Lib\site-packages\pandasai\pipelines\chat\code_execution.py", line 85, in execute
    result = self.execute_code(code_to_run, code_context)
             ^^^^^^^^^^^^^^^^^^^^^^^^^^^^^^^^^^^^^^^^^^^^
  File "C:\Users\prasa\Downloads\assignproject\env\Lib\site-packages\pandasai\pipelines\chat\code_execution.py", line 171, in execute_code
    exec(code, environment)
  File "<string>", line 1, in <module>
NameError: name 'Python' is not defined

2024-12-12 23:57:59 [ERROR] Pipeline failed on step 6: name 'Python' is not defined
2024-12-13 00:00:10 [INFO] HTTP Request: POST http://localhost:11434/v1/chat/completions "HTTP/1.1 200 OK"
2024-12-13 00:00:10 [INFO] Prompt used:
            <dataframe>
dfs[0]:2823x25
ORDERNUMBER,QUANTITYORDERED,PRICEEACH,ORDERLINENUMBER,SALES,ORDERDATE,STATUS,QTR_ID,MONTH_ID,YEAR_ID,PRODUCTLINE,MSRP,PRODUCTCODE,CUSTOMERNAME,PHONE,ADDRESSLINE1,ADDRESSLINE2,CITY,STATE,POSTALCODE,COUNTRY,TERRITORY,CONTACTLASTNAME,CONTACTFIRSTNAME,DEALSIZE
10127,56,68.34,8,2009.2,2/10/2005 0:00,In Process,2,3,2003,Ships,73,S700_2610,CAF Imports,26.47.1555,5557 North Pendale Street,Floor No. 4,Gensve,Tokyo,,Canada,EMEA,Karttunen,Jan,Medium
10185,35,76.93,2,3494.94,10/15/2004 0:00,Shipped,4,10,2004,Vintage Cars,151,S12_1099,"Oulu Toy Supplies, Inc.",(1) 42.34.2555,7734 Strong St.,Suite 750,Lule,CA,97562,Denmark,,Oeztan,Jose Pedro,Small
10177,31,82.4,18,4038.21,9/16/2004 0:00,Cancelled,3,6,2005,Classic Cars,35,S24_2841,Motor Mint Distributors Inc.,40.67.8555,361 Furth Circle,,Vancouver,,91217,Japan,Japan,Hirano,Ann,Large
</dataframe>


The user asked the following question:
### QUERY
 how many ships have been sold and generate a histogram on the areas it was shipped to country wise

You generated this python code:
total_sales = 0
countries = {}
sales_by_country = []
for df in dfs:
    total_sales += len(df)
    for index, row in df.iterrows():
        country = row['Country']
        if country in countries:
            countries[country] += 1
        else:
            countries[country] = 1
        sales_by_country.append(countries.get(country, 0))
plt.hist(list(countries.values()), bins=[1, len(countries)], edgecolor='black')
plt.xlabel('Country')
plt.ylabel('Number of Ships Shipped')
plt.title('Ships Sold by Country')
result = {'type': 'dictionary', 'value': {'total_sales': total_sales, 'top_countries': sorted(countries.items(), key=lambda x: x[1], reverse=True)[:5]}}

It fails with the following error:
Traceback (most recent call last):
  File "C:\Users\prasa\Downloads\assignproject\env\Lib\site-packages\pandas\core\indexes\base.py", line 3805, in get_loc
    return self._engine.get_loc(casted_key)
           ^^^^^^^^^^^^^^^^^^^^^^^^^^^^^^^^
  File "index.pyx", line 167, in pandas._libs.index.IndexEngine.get_loc
  File "index.pyx", line 196, in pandas._libs.index.IndexEngine.get_loc
  File "pandas\\_libs\\hashtable_class_helper.pxi", line 7081, in pandas._libs.hashtable.PyObjectHashTable.get_item
  File "pandas\\_libs\\hashtable_class_helper.pxi", line 7089, in pandas._libs.hashtable.PyObjectHashTable.get_item
KeyError: 'Country'

The above exception was the direct cause of the following exception:

Traceback (most recent call last):
  File "C:\Users\prasa\Downloads\assignproject\env\Lib\site-packages\pandasai\pipelines\chat\code_execution.py", line 85, in execute
    result = self.execute_code(code_to_run, code_context)
             ^^^^^^^^^^^^^^^^^^^^^^^^^^^^^^^^^^^^^^^^^^^^
  File "C:\Users\prasa\Downloads\assignproject\env\Lib\site-packages\pandasai\pipelines\chat\code_execution.py", line 171, in execute_code
    exec(code, environment)
  File "<string>", line 7, in <module>
  File "C:\Users\prasa\Downloads\assignproject\env\Lib\site-packages\pandas\core\series.py", line 1121, in __getitem__
    return self._get_value(key)
           ^^^^^^^^^^^^^^^^^^^^
  File "C:\Users\prasa\Downloads\assignproject\env\Lib\site-packages\pandas\core\series.py", line 1237, in _get_value
    loc = self.index.get_loc(label)
          ^^^^^^^^^^^^^^^^^^^^^^^^^
  File "C:\Users\prasa\Downloads\assignproject\env\Lib\site-packages\pandas\core\indexes\base.py", line 3812, in get_loc
    raise KeyError(key) from err
KeyError: 'Country'


Fix the python code above and return the new python code:
            
2024-12-13 00:00:10 [INFO] Code generated:
            ```
            total_sales = 0
countries = {}
sales_by_country = []
for df in dfs:
    total_sales += len(df)
    for index, row in df.iterrows():
        country = row['Country']
        territory = row['TERRITORY']
        if 'Canada' in [country.lower(), territory.lower()]:
            if country in countries:
                countries[country] += 1
            else:
                countries[country] = 1
            sales_by_country.append(countries.get(country, 0))
plt.hist(list(countries.values()), bins=[1, len(countries)], edgecolor='black')
plt.xlabel('Country')
plt.ylabel('Number of Ships Shipped')
plt.title('Ships Sold by Country')
result = {'type': 'dictionary', 'value': {'total_sales': total_sales, 'top_countries': sorted(countries.items(), key=lambda x: x[1], reverse=True)[:5]}}
            ```
            
2024-12-13 00:00:10 [INFO] Executing Step 2: CodeCleaning
2024-12-13 00:00:10 [INFO] 
Code running:
```
total_sales = 0
countries = {}
sales_by_country = []
for df in dfs:
    total_sales += len(df)
    for index, row in df.iterrows():
        country = row['Country']
        territory = row['TERRITORY']
        if 'Canada' in [country.lower(), territory.lower()]:
            if country in countries:
                countries[country] += 1
            else:
                countries[country] = 1
            sales_by_country.append(countries.get(country, 0))
plt.hist(list(countries.values()), bins=[1, len(countries)], edgecolor='black')
plt.xlabel('Country')
plt.ylabel('Number of Ships Shipped')
plt.title('Ships Sold by Country')
result = {'type': 'dictionary', 'value': {'total_sales': total_sales, 'top_countries': sorted(countries.items(), key=lambda x: x[1], reverse=True)[:5]}}
        ```
2024-12-13 00:00:10 [ERROR] Failed with error: Traceback (most recent call last):
  File "C:\Users\prasa\Downloads\assignproject\env\Lib\site-packages\pandas\core\indexes\base.py", line 3805, in get_loc
    return self._engine.get_loc(casted_key)
           ^^^^^^^^^^^^^^^^^^^^^^^^^^^^^^^^
  File "index.pyx", line 167, in pandas._libs.index.IndexEngine.get_loc
  File "index.pyx", line 196, in pandas._libs.index.IndexEngine.get_loc
  File "pandas\\_libs\\hashtable_class_helper.pxi", line 7081, in pandas._libs.hashtable.PyObjectHashTable.get_item
  File "pandas\\_libs\\hashtable_class_helper.pxi", line 7089, in pandas._libs.hashtable.PyObjectHashTable.get_item
KeyError: 'Country'

The above exception was the direct cause of the following exception:

Traceback (most recent call last):
  File "C:\Users\prasa\Downloads\assignproject\env\Lib\site-packages\pandasai\pipelines\chat\code_execution.py", line 85, in execute
    result = self.execute_code(code_to_run, code_context)
             ^^^^^^^^^^^^^^^^^^^^^^^^^^^^^^^^^^^^^^^^^^^^
  File "C:\Users\prasa\Downloads\assignproject\env\Lib\site-packages\pandasai\pipelines\chat\code_execution.py", line 171, in execute_code
    exec(code, environment)
  File "<string>", line 7, in <module>
  File "C:\Users\prasa\Downloads\assignproject\env\Lib\site-packages\pandas\core\series.py", line 1121, in __getitem__
    return self._get_value(key)
           ^^^^^^^^^^^^^^^^^^^^
  File "C:\Users\prasa\Downloads\assignproject\env\Lib\site-packages\pandas\core\series.py", line 1237, in _get_value
    loc = self.index.get_loc(label)
          ^^^^^^^^^^^^^^^^^^^^^^^^^
  File "C:\Users\prasa\Downloads\assignproject\env\Lib\site-packages\pandas\core\indexes\base.py", line 3812, in get_loc
    raise KeyError(key) from err
KeyError: 'Country'

2024-12-13 00:00:10 [WARNING] Failed to execute code retrying with a correction framework [retry number: 2]
2024-12-13 00:00:10 [INFO] Executing Pipeline: ErrorCorrectionPipeline
2024-12-13 00:00:10 [INFO] Executing Step 0: ErrorPromptGeneration
2024-12-13 00:00:10 [INFO] Using prompt: <dataframe>
dfs[0]:2823x25
ORDERNUMBER,QUANTITYORDERED,PRICEEACH,ORDERLINENUMBER,SALES,ORDERDATE,STATUS,QTR_ID,MONTH_ID,YEAR_ID,PRODUCTLINE,MSRP,PRODUCTCODE,CUSTOMERNAME,PHONE,ADDRESSLINE1,ADDRESSLINE2,CITY,STATE,POSTALCODE,COUNTRY,TERRITORY,CONTACTLASTNAME,CONTACTFIRSTNAME,DEALSIZE
10127,56,68.34,8,2009.2,2/10/2005 0:00,In Process,2,3,2003,Ships,73,S700_2610,CAF Imports,26.47.1555,5557 North Pendale Street,Floor No. 4,Gensve,Tokyo,,Canada,EMEA,Karttunen,Jan,Medium
10185,35,76.93,2,3494.94,10/15/2004 0:00,Shipped,4,10,2004,Vintage Cars,151,S12_1099,"Oulu Toy Supplies, Inc.",(1) 42.34.2555,7734 Strong St.,Suite 750,Lule,CA,97562,Denmark,,Oeztan,Jose Pedro,Small
10177,31,82.4,18,4038.21,9/16/2004 0:00,Cancelled,3,6,2005,Classic Cars,35,S24_2841,Motor Mint Distributors Inc.,40.67.8555,361 Furth Circle,,Vancouver,,91217,Japan,Japan,Hirano,Ann,Large
</dataframe>


The user asked the following question:
### QUERY
 how many ships have been sold and generate a histogram on the areas it was shipped to country wise

You generated this python code:
total_sales = 0
countries = {}
sales_by_country = []
for df in dfs:
    total_sales += len(df)
    for index, row in df.iterrows():
        country = row['Country']
        territory = row['TERRITORY']
        if 'Canada' in [country.lower(), territory.lower()]:
            if country in countries:
                countries[country] += 1
            else:
                countries[country] = 1
            sales_by_country.append(countries.get(country, 0))
plt.hist(list(countries.values()), bins=[1, len(countries)], edgecolor='black')
plt.xlabel('Country')
plt.ylabel('Number of Ships Shipped')
plt.title('Ships Sold by Country')
result = {'type': 'dictionary', 'value': {'total_sales': total_sales, 'top_countries': sorted(countries.items(), key=lambda x: x[1], reverse=True)[:5]}}

It fails with the following error:
Traceback (most recent call last):
  File "C:\Users\prasa\Downloads\assignproject\env\Lib\site-packages\pandas\core\indexes\base.py", line 3805, in get_loc
    return self._engine.get_loc(casted_key)
           ^^^^^^^^^^^^^^^^^^^^^^^^^^^^^^^^
  File "index.pyx", line 167, in pandas._libs.index.IndexEngine.get_loc
  File "index.pyx", line 196, in pandas._libs.index.IndexEngine.get_loc
  File "pandas\\_libs\\hashtable_class_helper.pxi", line 7081, in pandas._libs.hashtable.PyObjectHashTable.get_item
  File "pandas\\_libs\\hashtable_class_helper.pxi", line 7089, in pandas._libs.hashtable.PyObjectHashTable.get_item
KeyError: 'Country'

The above exception was the direct cause of the following exception:

Traceback (most recent call last):
  File "C:\Users\prasa\Downloads\assignproject\env\Lib\site-packages\pandasai\pipelines\chat\code_execution.py", line 85, in execute
    result = self.execute_code(code_to_run, code_context)
             ^^^^^^^^^^^^^^^^^^^^^^^^^^^^^^^^^^^^^^^^^^^^
  File "C:\Users\prasa\Downloads\assignproject\env\Lib\site-packages\pandasai\pipelines\chat\code_execution.py", line 171, in execute_code
    exec(code, environment)
  File "<string>", line 7, in <module>
  File "C:\Users\prasa\Downloads\assignproject\env\Lib\site-packages\pandas\core\series.py", line 1121, in __getitem__
    return self._get_value(key)
           ^^^^^^^^^^^^^^^^^^^^
  File "C:\Users\prasa\Downloads\assignproject\env\Lib\site-packages\pandas\core\series.py", line 1237, in _get_value
    loc = self.index.get_loc(label)
          ^^^^^^^^^^^^^^^^^^^^^^^^^
  File "C:\Users\prasa\Downloads\assignproject\env\Lib\site-packages\pandas\core\indexes\base.py", line 3812, in get_loc
    raise KeyError(key) from err
KeyError: 'Country'


Fix the python code above and return the new python code:
2024-12-13 00:00:10 [INFO] Executing Step 1: CodeGenerator
2024-12-13 00:02:06 [INFO] HTTP Request: POST http://localhost:11434/v1/chat/completions "HTTP/1.1 200 OK"
2024-12-13 00:02:06 [INFO] Prompt used:
            <dataframe>
dfs[0]:2823x25
ORDERNUMBER,QUANTITYORDERED,PRICEEACH,ORDERLINENUMBER,SALES,ORDERDATE,STATUS,QTR_ID,MONTH_ID,YEAR_ID,PRODUCTLINE,MSRP,PRODUCTCODE,CUSTOMERNAME,PHONE,ADDRESSLINE1,ADDRESSLINE2,CITY,STATE,POSTALCODE,COUNTRY,TERRITORY,CONTACTLASTNAME,CONTACTFIRSTNAME,DEALSIZE
10127,56,68.34,8,2009.2,2/10/2005 0:00,In Process,2,3,2003,Ships,73,S700_2610,CAF Imports,26.47.1555,5557 North Pendale Street,Floor No. 4,Gensve,Tokyo,,Canada,EMEA,Karttunen,Jan,Medium
10185,35,76.93,2,3494.94,10/15/2004 0:00,Shipped,4,10,2004,Vintage Cars,151,S12_1099,"Oulu Toy Supplies, Inc.",(1) 42.34.2555,7734 Strong St.,Suite 750,Lule,CA,97562,Denmark,,Oeztan,Jose Pedro,Small
10177,31,82.4,18,4038.21,9/16/2004 0:00,Cancelled,3,6,2005,Classic Cars,35,S24_2841,Motor Mint Distributors Inc.,40.67.8555,361 Furth Circle,,Vancouver,,91217,Japan,Japan,Hirano,Ann,Large
</dataframe>


The user asked the following question:
### QUERY
 how many ships have been sold and generate a histogram on the areas it was shipped to country wise

You generated this python code:
total_sales = 0
countries = {}
sales_by_country = []
for df in dfs:
    total_sales += len(df)
    for index, row in df.iterrows():
        country = row['Country']
        territory = row['TERRITORY']
        if 'Canada' in [country.lower(), territory.lower()]:
            if country in countries:
                countries[country] += 1
            else:
                countries[country] = 1
            sales_by_country.append(countries.get(country, 0))
plt.hist(list(countries.values()), bins=[1, len(countries)], edgecolor='black')
plt.xlabel('Country')
plt.ylabel('Number of Ships Shipped')
plt.title('Ships Sold by Country')
result = {'type': 'dictionary', 'value': {'total_sales': total_sales, 'top_countries': sorted(countries.items(), key=lambda x: x[1], reverse=True)[:5]}}

It fails with the following error:
Traceback (most recent call last):
  File "C:\Users\prasa\Downloads\assignproject\env\Lib\site-packages\pandas\core\indexes\base.py", line 3805, in get_loc
    return self._engine.get_loc(casted_key)
           ^^^^^^^^^^^^^^^^^^^^^^^^^^^^^^^^
  File "index.pyx", line 167, in pandas._libs.index.IndexEngine.get_loc
  File "index.pyx", line 196, in pandas._libs.index.IndexEngine.get_loc
  File "pandas\\_libs\\hashtable_class_helper.pxi", line 7081, in pandas._libs.hashtable.PyObjectHashTable.get_item
  File "pandas\\_libs\\hashtable_class_helper.pxi", line 7089, in pandas._libs.hashtable.PyObjectHashTable.get_item
KeyError: 'Country'

The above exception was the direct cause of the following exception:

Traceback (most recent call last):
  File "C:\Users\prasa\Downloads\assignproject\env\Lib\site-packages\pandasai\pipelines\chat\code_execution.py", line 85, in execute
    result = self.execute_code(code_to_run, code_context)
             ^^^^^^^^^^^^^^^^^^^^^^^^^^^^^^^^^^^^^^^^^^^^
  File "C:\Users\prasa\Downloads\assignproject\env\Lib\site-packages\pandasai\pipelines\chat\code_execution.py", line 171, in execute_code
    exec(code, environment)
  File "<string>", line 7, in <module>
  File "C:\Users\prasa\Downloads\assignproject\env\Lib\site-packages\pandas\core\series.py", line 1121, in __getitem__
    return self._get_value(key)
           ^^^^^^^^^^^^^^^^^^^^
  File "C:\Users\prasa\Downloads\assignproject\env\Lib\site-packages\pandas\core\series.py", line 1237, in _get_value
    loc = self.index.get_loc(label)
          ^^^^^^^^^^^^^^^^^^^^^^^^^
  File "C:\Users\prasa\Downloads\assignproject\env\Lib\site-packages\pandas\core\indexes\base.py", line 3812, in get_loc
    raise KeyError(key) from err
KeyError: 'Country'


Fix the python code above and return the new python code:
            
2024-12-13 00:02:06 [INFO] Code generated:
            ```
            Python
total_sales = 0
countries = {}
sales_by_country = []
for df in dfs:
    total_sales += len(df)
    for index, row in df.iterrows():
        # Check if the country information is present
        if 'Country' in row.index and row['Country'] != '':
            country = str(row['Country']).lower()
            if country == 'canada':
                if country in countries:
                    countries[country] += 1
                else:
                    countries[country] = 1
            sales_by_country.append(countries.get(country, 0))

plt.hist(list(countries.values()), bins=[1, len(countries)], edgecolor='black')
plt.xlabel('Country')
plt.ylabel('Number of Ships Shipped')
plt.title('Ships Sold by Country')

result = {'type': 'dictionary', 'value': {'total_sales': total_sales, 'top_countries': sorted(countries.items(), key=lambda x: x[1], reverse=True)[:5]}}
            ```
            
2024-12-13 00:02:06 [INFO] Executing Step 2: CodeCleaning
2024-12-13 00:02:06 [INFO] 
Code running:
```
Python
total_sales = 0
countries = {}
sales_by_country = []
for df in dfs:
    total_sales += len(df)
    for index, row in df.iterrows():
        if 'Country' in row.index and row['Country'] != '':
            country = str(row['Country']).lower()
            if country == 'canada':
                if country in countries:
                    countries[country] += 1
                else:
                    countries[country] = 1
            sales_by_country.append(countries.get(country, 0))
plt.hist(list(countries.values()), bins=[1, len(countries)], edgecolor='black')
plt.xlabel('Country')
plt.ylabel('Number of Ships Shipped')
plt.title('Ships Sold by Country')
result = {'type': 'dictionary', 'value': {'total_sales': total_sales, 'top_countries': sorted(countries.items(), key=lambda x: x[1], reverse=True)[:5]}}
        ```
2024-12-13 00:02:06 [ERROR] Failed with error: Traceback (most recent call last):
  File "C:\Users\prasa\Downloads\assignproject\env\Lib\site-packages\pandasai\pipelines\chat\code_execution.py", line 85, in execute
    result = self.execute_code(code_to_run, code_context)
             ^^^^^^^^^^^^^^^^^^^^^^^^^^^^^^^^^^^^^^^^^^^^
  File "C:\Users\prasa\Downloads\assignproject\env\Lib\site-packages\pandasai\pipelines\chat\code_execution.py", line 171, in execute_code
    exec(code, environment)
  File "<string>", line 1, in <module>
NameError: name 'Python' is not defined

2024-12-13 00:02:06 [WARNING] Failed to execute code retrying with a correction framework [retry number: 3]
2024-12-13 00:02:06 [INFO] Executing Pipeline: ErrorCorrectionPipeline
2024-12-13 00:02:06 [INFO] Executing Step 0: ErrorPromptGeneration
2024-12-13 00:02:06 [INFO] Using prompt: <dataframe>
dfs[0]:2823x25
ORDERNUMBER,QUANTITYORDERED,PRICEEACH,ORDERLINENUMBER,SALES,ORDERDATE,STATUS,QTR_ID,MONTH_ID,YEAR_ID,PRODUCTLINE,MSRP,PRODUCTCODE,CUSTOMERNAME,PHONE,ADDRESSLINE1,ADDRESSLINE2,CITY,STATE,POSTALCODE,COUNTRY,TERRITORY,CONTACTLASTNAME,CONTACTFIRSTNAME,DEALSIZE
10127,56,68.34,8,2009.2,2/10/2005 0:00,In Process,2,3,2003,Ships,73,S700_2610,CAF Imports,26.47.1555,5557 North Pendale Street,Floor No. 4,Gensve,Tokyo,,Canada,EMEA,Karttunen,Jan,Medium
10185,35,76.93,2,3494.94,10/15/2004 0:00,Shipped,4,10,2004,Vintage Cars,151,S12_1099,"Oulu Toy Supplies, Inc.",(1) 42.34.2555,7734 Strong St.,Suite 750,Lule,CA,97562,Denmark,,Oeztan,Jose Pedro,Small
10177,31,82.4,18,4038.21,9/16/2004 0:00,Cancelled,3,6,2005,Classic Cars,35,S24_2841,Motor Mint Distributors Inc.,40.67.8555,361 Furth Circle,,Vancouver,,91217,Japan,Japan,Hirano,Ann,Large
</dataframe>


The user asked the following question:
### QUERY
 how many ships have been sold and generate a histogram on the areas it was shipped to country wise

You generated this python code:
Python
total_sales = 0
countries = {}
sales_by_country = []
for df in dfs:
    total_sales += len(df)
    for index, row in df.iterrows():
        if 'Country' in row.index and row['Country'] != '':
            country = str(row['Country']).lower()
            if country == 'canada':
                if country in countries:
                    countries[country] += 1
                else:
                    countries[country] = 1
            sales_by_country.append(countries.get(country, 0))
plt.hist(list(countries.values()), bins=[1, len(countries)], edgecolor='black')
plt.xlabel('Country')
plt.ylabel('Number of Ships Shipped')
plt.title('Ships Sold by Country')
result = {'type': 'dictionary', 'value': {'total_sales': total_sales, 'top_countries': sorted(countries.items(), key=lambda x: x[1], reverse=True)[:5]}}

It fails with the following error:
Traceback (most recent call last):
  File "C:\Users\prasa\Downloads\assignproject\env\Lib\site-packages\pandasai\pipelines\chat\code_execution.py", line 85, in execute
    result = self.execute_code(code_to_run, code_context)
             ^^^^^^^^^^^^^^^^^^^^^^^^^^^^^^^^^^^^^^^^^^^^
  File "C:\Users\prasa\Downloads\assignproject\env\Lib\site-packages\pandasai\pipelines\chat\code_execution.py", line 171, in execute_code
    exec(code, environment)
  File "<string>", line 1, in <module>
NameError: name 'Python' is not defined


Fix the python code above and return the new python code:
2024-12-13 00:02:06 [INFO] Executing Step 1: CodeGenerator
2024-12-13 00:04:41 [INFO] HTTP Request: POST http://localhost:11434/v1/chat/completions "HTTP/1.1 200 OK"
2024-12-13 00:04:41 [INFO] Prompt used:
            <dataframe>
dfs[0]:2823x25
ORDERNUMBER,QUANTITYORDERED,PRICEEACH,ORDERLINENUMBER,SALES,ORDERDATE,STATUS,QTR_ID,MONTH_ID,YEAR_ID,PRODUCTLINE,MSRP,PRODUCTCODE,CUSTOMERNAME,PHONE,ADDRESSLINE1,ADDRESSLINE2,CITY,STATE,POSTALCODE,COUNTRY,TERRITORY,CONTACTLASTNAME,CONTACTFIRSTNAME,DEALSIZE
10127,56,68.34,8,2009.2,2/10/2005 0:00,In Process,2,3,2003,Ships,73,S700_2610,CAF Imports,26.47.1555,5557 North Pendale Street,Floor No. 4,Gensve,Tokyo,,Canada,EMEA,Karttunen,Jan,Medium
10185,35,76.93,2,3494.94,10/15/2004 0:00,Shipped,4,10,2004,Vintage Cars,151,S12_1099,"Oulu Toy Supplies, Inc.",(1) 42.34.2555,7734 Strong St.,Suite 750,Lule,CA,97562,Denmark,,Oeztan,Jose Pedro,Small
10177,31,82.4,18,4038.21,9/16/2004 0:00,Cancelled,3,6,2005,Classic Cars,35,S24_2841,Motor Mint Distributors Inc.,40.67.8555,361 Furth Circle,,Vancouver,,91217,Japan,Japan,Hirano,Ann,Large
</dataframe>


The user asked the following question:
### QUERY
 how many ships have been sold and generate a histogram on the areas it was shipped to country wise

You generated this python code:
Python
total_sales = 0
countries = {}
sales_by_country = []
for df in dfs:
    total_sales += len(df)
    for index, row in df.iterrows():
        if 'Country' in row.index and row['Country'] != '':
            country = str(row['Country']).lower()
            if country == 'canada':
                if country in countries:
                    countries[country] += 1
                else:
                    countries[country] = 1
            sales_by_country.append(countries.get(country, 0))
plt.hist(list(countries.values()), bins=[1, len(countries)], edgecolor='black')
plt.xlabel('Country')
plt.ylabel('Number of Ships Shipped')
plt.title('Ships Sold by Country')
result = {'type': 'dictionary', 'value': {'total_sales': total_sales, 'top_countries': sorted(countries.items(), key=lambda x: x[1], reverse=True)[:5]}}

It fails with the following error:
Traceback (most recent call last):
  File "C:\Users\prasa\Downloads\assignproject\env\Lib\site-packages\pandasai\pipelines\chat\code_execution.py", line 85, in execute
    result = self.execute_code(code_to_run, code_context)
             ^^^^^^^^^^^^^^^^^^^^^^^^^^^^^^^^^^^^^^^^^^^^
  File "C:\Users\prasa\Downloads\assignproject\env\Lib\site-packages\pandasai\pipelines\chat\code_execution.py", line 171, in execute_code
    exec(code, environment)
  File "<string>", line 1, in <module>
NameError: name 'Python' is not defined


Fix the python code above and return the new python code:
            
2024-12-13 00:04:41 [INFO] Code generated:
            ```
            Python
import pandas as pd
import matplotlib.pyplot as plt

total_sales = 0
countries = {}
sales_by_country = []
for df in dfs:
    total_sales += len(df)
    for index, row in df.iterrows():
        if 'Country' in row.index and row['Country'] != '':
            country = str(row['Country']).lower()
            countries[country] = countries.get(country, 0) + 1
sales_by_country = list(countries.values())

plt.hist(list(countries.values()), bins=list(range(min(sales_by_country), max(sales_by_country)+2)), edgecolor='black')
plt.xlabel('Number of Ships Shipped')
plt.ylabel('Country')
plt.title('Ships Sold by Country')
result = {'type': 'dictionary', 'value': {'total_sales': total_sales, 'top_countries': sorted(countries.items(), key=lambda x: x[1], reverse=True)[:5]}}
            ```
            
2024-12-13 00:04:41 [INFO] Executing Step 2: CodeCleaning
2024-12-13 00:04:41 [INFO] 
Code running:
```
Python
total_sales = 0
countries = {}
sales_by_country = []
for df in dfs:
    total_sales += len(df)
    for index, row in df.iterrows():
        if 'Country' in row.index and row['Country'] != '':
            country = str(row['Country']).lower()
            countries[country] = countries.get(country, 0) + 1
sales_by_country = list(countries.values())
plt.hist(list(countries.values()), bins=list(range(min(sales_by_country), max(sales_by_country) + 2)), edgecolor='black')
plt.xlabel('Number of Ships Shipped')
plt.ylabel('Country')
plt.title('Ships Sold by Country')
result = {'type': 'dictionary', 'value': {'total_sales': total_sales, 'top_countries': sorted(countries.items(), key=lambda x: x[1], reverse=True)[:5]}}
        ```
2024-12-13 00:04:42 [ERROR] Failed with error: Traceback (most recent call last):
  File "C:\Users\prasa\Downloads\assignproject\env\Lib\site-packages\pandasai\pipelines\chat\code_execution.py", line 85, in execute
    result = self.execute_code(code_to_run, code_context)
             ^^^^^^^^^^^^^^^^^^^^^^^^^^^^^^^^^^^^^^^^^^^^
  File "C:\Users\prasa\Downloads\assignproject\env\Lib\site-packages\pandasai\pipelines\chat\code_execution.py", line 171, in execute_code
    exec(code, environment)
  File "<string>", line 1, in <module>
NameError: name 'Python' is not defined

2024-12-13 00:04:42 [ERROR] Pipeline failed on step 6: name 'Python' is not defined
